#
# There is insufficient memory for the Java Runtime Environment to continue.
# Native memory allocation (malloc) failed to allocate 1048576 bytes for AllocateHeap
# Possible reasons:
#   The system is out of physical RAM or swap space
#   The process is running with CompressedOops enabled, and the Java Heap may be blocking the growth of the native heap
# Possible solutions:
#   Reduce memory load on the system
#   Increase physical memory or swap space
#   Check if swap backing store is full
#   Decrease Java heap size (-Xmx/-Xms)
#   Decrease number of Java threads
#   Decrease Java thread stack sizes (-Xss)
#   Set larger code cache with -XX:ReservedCodeCacheSize=
#   JVM is running with Unscaled Compressed Oops mode in which the Java heap is
#     placed in the first 4GB address space. The Java Heap base address is the
#     maximum limit for the native heap growth. Please use -XX:HeapBaseMinAddress
#     to set the Java Heap base and to place the Java Heap above 4GB virtual address.
# This output file may be truncated or incomplete.
#
#  Out of Memory Error (./open/src/hotspot/share/memory/allocation.cpp:44), pid=7272, tid=13632
#
# JRE version: Java(TM) SE Runtime Environment (15.0+36) (build 15+36-1562)
# Java VM: Java HotSpot(TM) 64-Bit Server VM (15+36-1562, mixed mode, tiered, compressed oops, g1 gc, windows-amd64)
# No core dump will be written. Minidumps are not enabled by default on client versions of Windows
#

---------------  S U M M A R Y ------------

Command Line: -Dfile.encoding=Cp1252 -XX:+ShowCodeDetailsInExceptionMessages Controller.Controller

Host: AMD Ryzen 3 2200U with Radeon Vega Mobile Gfx  , 4 cores, 6G,  Windows 10 , 64 bit Build 19041 (10.0.19041.662)
Time: Mon Dec 21 17:38:33 2020 ora solare Europa occidentale elapsed time: 0.349660 seconds (0d 0h 0m 0s)

---------------  T H R E A D  ---------------

Current thread (0x0000019b44089e30):  VMThread "VM Thread" [stack: 0x0000002fac100000,0x0000002fac200000] [id=13632]

Stack: [0x0000002fac100000,0x0000002fac200000]
[error occurred during error reporting (printing stack bounds), id 0xc0000005, EXCEPTION_ACCESS_VIOLATION (0xc0000005) at pc=0x0000019b2e2b10ad]

Native frames: (J=compiled Java code, j=interpreted, Vv=VM code, C=native code)
V  [jvm.dll+0x629eaa]
V  [jvm.dll+0x780379]
V  [jvm.dll+0x781ad3]
V  [jvm.dll+0x782095]
V  [jvm.dll+0x78204b]
V  [jvm.dll+0x629379]
V  [jvm.dll+0x629b48]
C  [ntdll.dll+0xa130f]
C  [ntdll.dll+0x4b5e4]
C  [ntdll.dll+0x9fe3e]
C  0x0000019b2e2b10ad

VM_Operation (0x0000002fabbfa1a0): CollectForMetadataAllocation, mode: safepoint, requested by thread 0x0000019b2484f7c0


---------------  P R O C E S S  ---------------

Threads class SMR info:
_java_thread_list=0x0000019b44bb6e70, length=11, elements={
0x0000019b2484f7c0, 0x0000019b440bf130, 0x0000019b440c03b0, 0x0000019b440d2200,
0x0000019b440d4ad0, 0x0000019b440d5f40, 0x0000019b44a2a160, 0x0000019b44a2ca70,
0x0000019b440d97f0, 0x0000019b44ba12f0, 0x0000019b44bb6650
}

Java Threads: ( => current thread )
  0x0000019b2484f7c0 JavaThread "main" [_thread_blocked, id=5888, stack(0x0000002fabb00000,0x0000002fabc00000)]
  0x0000019b440bf130 JavaThread "Reference Handler" daemon [_thread_blocked, id=5828, stack(0x0000002fac200000,0x0000002fac300000)]
  0x0000019b440c03b0 JavaThread "Finalizer" daemon [_thread_blocked, id=2244, stack(0x0000002fac300000,0x0000002fac400000)]
  0x0000019b440d2200 JavaThread "Signal Dispatcher" daemon [_thread_blocked, id=10128, stack(0x0000002fac400000,0x0000002fac500000)]
  0x0000019b440d4ad0 JavaThread "Attach Listener" daemon [_thread_blocked, id=1340, stack(0x0000002fac500000,0x0000002fac600000)]
  0x0000019b440d5f40 JavaThread "Service Thread" daemon [_thread_blocked, id=5028, stack(0x0000002fac600000,0x0000002fac700000)]
  0x0000019b44a2a160 JavaThread "C2 CompilerThread0" daemon [_thread_blocked, id=2756, stack(0x0000002fac700000,0x0000002fac800000)]
  0x0000019b44a2ca70 JavaThread "C1 CompilerThread0" daemon [_thread_blocked, id=8160, stack(0x0000002fac800000,0x0000002fac900000)]
  0x0000019b440d97f0 JavaThread "Sweeper thread" daemon [_thread_blocked, id=13476, stack(0x0000002fac900000,0x0000002faca00000)]
  0x0000019b44ba12f0 JavaThread "Notification Thread" daemon [_thread_blocked, id=12988, stack(0x0000002faca00000,0x0000002facb00000)]
  0x0000019b44bb6650 JavaThread "Common-Cleaner" daemon [_thread_blocked, id=4496, stack(0x0000002facc00000,0x0000002facd00000)]

Other Threads:
=>0x0000019b44089e30 VMThread "VM Thread" [stack: 0x0000002fac100000,0x0000002fac200000] [id=13632]
  0x0000019b44bc4340 WatcherThread [stack: 0x0000002facb00000,0x0000002facc00000] [id=8252]
  0x0000019b2488ae90 GCTaskThread "GC Thread#0" [stack: 0x0000002fabc00000,0x0000002fabd00000] [id=1752]
  0x0000019b44bfefa0 GCTaskThread "GC Thread#1" [stack: 0x0000002facd00000,0x0000002face00000] [id=1756]
  0x0000019b2489a510 ConcurrentGCThread "G1 Main Marker" [stack: 0x0000002fabd00000,0x0000002fabe00000] [id=6336]
  0x0000019b2489c020 ConcurrentGCThread "G1 Conc#0" [stack: 0x0000002fabe00000,0x0000002fabf00000] [id=3396]
  0x0000019b249013a0 ConcurrentGCThread "G1 Refine#0" [stack: 0x0000002fabf00000,0x0000002fac000000] [id=13992]
  0x0000019b24902d60 ConcurrentGCThread "G1 Young RemSet Sampling" [stack: 0x0000002fac000000,0x0000002fac100000] [id=10388]

Threads with active compile tasks:

VM state: at safepoint (normal execution)

VM Mutex/Monitor currently owned by a thread:  ([mutex/lock_event])
[0x0000019b2484be60] Threads_lock - owner thread: 0x0000019b44089e30
[0x0000019b2484c250] Heap_lock - owner thread: 0x0000019b2484f7c0

Heap address: 0x0000000091800000, size: 1768 MB, Compressed Oops mode: 32-bit
CDS disabled.
Compressed class space mapped at: 0x0000000100000000-0x0000000140000000, size: 1073741824
Narrow klass base: 0x0000000000000000, Narrow klass shift: 3, Narrow klass range: 0x140000000

GC Precious Log:
 CPUs: 4 total, 4 available
 Memory: 7068M
 Large Page Support: Disabled
 NUMA Support: Disabled
 Compressed Oops: Enabled (32-bit)
 Heap Region Size: 1M
 Heap Min Capacity: 8M
 Heap Initial Capacity: 112M
 Heap Max Capacity: 1768M
 Pre-touch: Disabled
 Parallel Workers: 4
 Concurrent Workers: 1
 Concurrent Refinement Workers: 4
 Periodic GC: Disabled

Heap:
 garbage-first heap   total 114688K, used 640K [0x0000000091800000, 0x0000000100000000)
  region size 1024K, 1 young (1024K), 1 survivors (1024K)
 Metaspace       used 5489K, capacity 5577K, committed 5632K, reserved 1056768K
  class space    used 461K, capacity 491K, committed 512K, reserved 1048576K

Heap Regions: E=young(eden), S=young(survivor), O=old, HS=humongous(starts), HC=humongous(continues), CS=collection set, F=free, OA=open archive, CA=closed archive, TAMS=top-at-mark-start (previous, next)
|   0|0x0000000091800000, 0x0000000091800000, 0x0000000091900000|  0%| F|  |TAMS 0x0000000091800000, 0x0000000091800000| Untracked 
|   1|0x0000000091900000, 0x0000000091900000, 0x0000000091a00000|  0%| F|  |TAMS 0x0000000091900000, 0x0000000091900000| Untracked 
|   2|0x0000000091a00000, 0x0000000091a00000, 0x0000000091b00000|  0%| F|  |TAMS 0x0000000091a00000, 0x0000000091a00000| Untracked 
|   3|0x0000000091b00000, 0x0000000091b00000, 0x0000000091c00000|  0%| F|  |TAMS 0x0000000091b00000, 0x0000000091b00000| Untracked 
|   4|0x0000000091c00000, 0x0000000091c00000, 0x0000000091d00000|  0%| F|  |TAMS 0x0000000091c00000, 0x0000000091c00000| Untracked 
|   5|0x0000000091d00000, 0x0000000091d00000, 0x0000000091e00000|  0%| F|  |TAMS 0x0000000091d00000, 0x0000000091d00000| Untracked 
|   6|0x0000000091e00000, 0x0000000091e00000, 0x0000000091f00000|  0%| F|  |TAMS 0x0000000091e00000, 0x0000000091e00000| Untracked 
|   7|0x0000000091f00000, 0x0000000091f00000, 0x0000000092000000|  0%| F|  |TAMS 0x0000000091f00000, 0x0000000091f00000| Untracked 
|   8|0x0000000092000000, 0x0000000092000000, 0x0000000092100000|  0%| F|  |TAMS 0x0000000092000000, 0x0000000092000000| Untracked 
|   9|0x0000000092100000, 0x0000000092100000, 0x0000000092200000|  0%| F|  |TAMS 0x0000000092100000, 0x0000000092100000| Untracked 
|  10|0x0000000092200000, 0x0000000092200000, 0x0000000092300000|  0%| F|  |TAMS 0x0000000092200000, 0x0000000092200000| Untracked 
|  11|0x0000000092300000, 0x0000000092300000, 0x0000000092400000|  0%| F|  |TAMS 0x0000000092300000, 0x0000000092300000| Untracked 
|  12|0x0000000092400000, 0x0000000092400000, 0x0000000092500000|  0%| F|  |TAMS 0x0000000092400000, 0x0000000092400000| Untracked 
|  13|0x0000000092500000, 0x0000000092500000, 0x0000000092600000|  0%| F|  |TAMS 0x0000000092500000, 0x0000000092500000| Untracked 
|  14|0x0000000092600000, 0x0000000092600000, 0x0000000092700000|  0%| F|  |TAMS 0x0000000092600000, 0x0000000092600000| Untracked 
|  15|0x0000000092700000, 0x0000000092700000, 0x0000000092800000|  0%| F|  |TAMS 0x0000000092700000, 0x0000000092700000| Untracked 
|  16|0x0000000092800000, 0x0000000092800000, 0x0000000092900000|  0%| F|  |TAMS 0x0000000092800000, 0x0000000092800000| Untracked 
|  17|0x0000000092900000, 0x0000000092900000, 0x0000000092a00000|  0%| F|  |TAMS 0x0000000092900000, 0x0000000092900000| Untracked 
|  18|0x0000000092a00000, 0x0000000092a00000, 0x0000000092b00000|  0%| F|  |TAMS 0x0000000092a00000, 0x0000000092a00000| Untracked 
|  19|0x0000000092b00000, 0x0000000092b00000, 0x0000000092c00000|  0%| F|  |TAMS 0x0000000092b00000, 0x0000000092b00000| Untracked 
|  20|0x0000000092c00000, 0x0000000092c00000, 0x0000000092d00000|  0%| F|  |TAMS 0x0000000092c00000, 0x0000000092c00000| Untracked 
|  21|0x0000000092d00000, 0x0000000092d00000, 0x0000000092e00000|  0%| F|  |TAMS 0x0000000092d00000, 0x0000000092d00000| Untracked 
|  22|0x0000000092e00000, 0x0000000092e00000, 0x0000000092f00000|  0%| F|  |TAMS 0x0000000092e00000, 0x0000000092e00000| Untracked 
|  23|0x0000000092f00000, 0x0000000092f00000, 0x0000000093000000|  0%| F|  |TAMS 0x0000000092f00000, 0x0000000092f00000| Untracked 
|  24|0x0000000093000000, 0x0000000093000000, 0x0000000093100000|  0%| F|  |TAMS 0x0000000093000000, 0x0000000093000000| Untracked 
|  25|0x0000000093100000, 0x0000000093100000, 0x0000000093200000|  0%| F|  |TAMS 0x0000000093100000, 0x0000000093100000| Untracked 
|  26|0x0000000093200000, 0x0000000093200000, 0x0000000093300000|  0%| F|  |TAMS 0x0000000093200000, 0x0000000093200000| Untracked 
|  27|0x0000000093300000, 0x0000000093300000, 0x0000000093400000|  0%| F|  |TAMS 0x0000000093300000, 0x0000000093300000| Untracked 
|  28|0x0000000093400000, 0x0000000093400000, 0x0000000093500000|  0%| F|  |TAMS 0x0000000093400000, 0x0000000093400000| Untracked 
|  29|0x0000000093500000, 0x0000000093500000, 0x0000000093600000|  0%| F|  |TAMS 0x0000000093500000, 0x0000000093500000| Untracked 
|  30|0x0000000093600000, 0x0000000093600000, 0x0000000093700000|  0%| F|  |TAMS 0x0000000093600000, 0x0000000093600000| Untracked 
|  31|0x0000000093700000, 0x0000000093700000, 0x0000000093800000|  0%| F|  |TAMS 0x0000000093700000, 0x0000000093700000| Untracked 
|  32|0x0000000093800000, 0x0000000093800000, 0x0000000093900000|  0%| F|  |TAMS 0x0000000093800000, 0x0000000093800000| Untracked 
|  33|0x0000000093900000, 0x0000000093900000, 0x0000000093a00000|  0%| F|  |TAMS 0x0000000093900000, 0x0000000093900000| Untracked 
|  34|0x0000000093a00000, 0x0000000093a00000, 0x0000000093b00000|  0%| F|  |TAMS 0x0000000093a00000, 0x0000000093a00000| Untracked 
|  35|0x0000000093b00000, 0x0000000093b00000, 0x0000000093c00000|  0%| F|  |TAMS 0x0000000093b00000, 0x0000000093b00000| Untracked 
|  36|0x0000000093c00000, 0x0000000093c00000, 0x0000000093d00000|  0%| F|  |TAMS 0x0000000093c00000, 0x0000000093c00000| Untracked 
|  37|0x0000000093d00000, 0x0000000093d00000, 0x0000000093e00000|  0%| F|  |TAMS 0x0000000093d00000, 0x0000000093d00000| Untracked 
|  38|0x0000000093e00000, 0x0000000093e00000, 0x0000000093f00000|  0%| F|  |TAMS 0x0000000093e00000, 0x0000000093e00000| Untracked 
|  39|0x0000000093f00000, 0x0000000093f00000, 0x0000000094000000|  0%| F|  |TAMS 0x0000000093f00000, 0x0000000093f00000| Untracked 
|  40|0x0000000094000000, 0x0000000094000000, 0x0000000094100000|  0%| F|  |TAMS 0x0000000094000000, 0x0000000094000000| Untracked 
|  41|0x0000000094100000, 0x0000000094100000, 0x0000000094200000|  0%| F|  |TAMS 0x0000000094100000, 0x0000000094100000| Untracked 
|  42|0x0000000094200000, 0x0000000094200000, 0x0000000094300000|  0%| F|  |TAMS 0x0000000094200000, 0x0000000094200000| Untracked 
|  43|0x0000000094300000, 0x0000000094300000, 0x0000000094400000|  0%| F|  |TAMS 0x0000000094300000, 0x0000000094300000| Untracked 
|  44|0x0000000094400000, 0x0000000094400000, 0x0000000094500000|  0%| F|  |TAMS 0x0000000094400000, 0x0000000094400000| Untracked 
|  45|0x0000000094500000, 0x0000000094500000, 0x0000000094600000|  0%| F|  |TAMS 0x0000000094500000, 0x0000000094500000| Untracked 
|  46|0x0000000094600000, 0x0000000094600000, 0x0000000094700000|  0%| F|  |TAMS 0x0000000094600000, 0x0000000094600000| Untracked 
|  47|0x0000000094700000, 0x0000000094700000, 0x0000000094800000|  0%| F|  |TAMS 0x0000000094700000, 0x0000000094700000| Untracked 
|  48|0x0000000094800000, 0x0000000094800000, 0x0000000094900000|  0%| F|  |TAMS 0x0000000094800000, 0x0000000094800000| Untracked 
|  49|0x0000000094900000, 0x0000000094900000, 0x0000000094a00000|  0%| F|  |TAMS 0x0000000094900000, 0x0000000094900000| Untracked 
|  50|0x0000000094a00000, 0x0000000094a00000, 0x0000000094b00000|  0%| F|  |TAMS 0x0000000094a00000, 0x0000000094a00000| Untracked 
|  51|0x0000000094b00000, 0x0000000094b00000, 0x0000000094c00000|  0%| F|  |TAMS 0x0000000094b00000, 0x0000000094b00000| Untracked 
|  52|0x0000000094c00000, 0x0000000094c00000, 0x0000000094d00000|  0%| F|  |TAMS 0x0000000094c00000, 0x0000000094c00000| Untracked 
|  53|0x0000000094d00000, 0x0000000094d00000, 0x0000000094e00000|  0%| F|  |TAMS 0x0000000094d00000, 0x0000000094d00000| Untracked 
|  54|0x0000000094e00000, 0x0000000094e00000, 0x0000000094f00000|  0%| F|  |TAMS 0x0000000094e00000, 0x0000000094e00000| Untracked 
|  55|0x0000000094f00000, 0x0000000094f00000, 0x0000000095000000|  0%| F|  |TAMS 0x0000000094f00000, 0x0000000094f00000| Untracked 
|  56|0x0000000095000000, 0x0000000095000000, 0x0000000095100000|  0%| F|  |TAMS 0x0000000095000000, 0x0000000095000000| Untracked 
|  57|0x0000000095100000, 0x0000000095100000, 0x0000000095200000|  0%| F|  |TAMS 0x0000000095100000, 0x0000000095100000| Untracked 
|  58|0x0000000095200000, 0x0000000095200000, 0x0000000095300000|  0%| F|  |TAMS 0x0000000095200000, 0x0000000095200000| Untracked 
|  59|0x0000000095300000, 0x0000000095300000, 0x0000000095400000|  0%| F|  |TAMS 0x0000000095300000, 0x0000000095300000| Untracked 
|  60|0x0000000095400000, 0x0000000095400000, 0x0000000095500000|  0%| F|  |TAMS 0x0000000095400000, 0x0000000095400000| Untracked 
|  61|0x0000000095500000, 0x0000000095500000, 0x0000000095600000|  0%| F|  |TAMS 0x0000000095500000, 0x0000000095500000| Untracked 
|  62|0x0000000095600000, 0x0000000095600000, 0x0000000095700000|  0%| F|  |TAMS 0x0000000095600000, 0x0000000095600000| Untracked 
|  63|0x0000000095700000, 0x0000000095700000, 0x0000000095800000|  0%| F|  |TAMS 0x0000000095700000, 0x0000000095700000| Untracked 
|  64|0x0000000095800000, 0x0000000095800000, 0x0000000095900000|  0%| F|  |TAMS 0x0000000095800000, 0x0000000095800000| Untracked 
|  65|0x0000000095900000, 0x0000000095900000, 0x0000000095a00000|  0%| F|  |TAMS 0x0000000095900000, 0x0000000095900000| Untracked 
|  66|0x0000000095a00000, 0x0000000095a00000, 0x0000000095b00000|  0%| F|  |TAMS 0x0000000095a00000, 0x0000000095a00000| Untracked 
|  67|0x0000000095b00000, 0x0000000095b00000, 0x0000000095c00000|  0%| F|  |TAMS 0x0000000095b00000, 0x0000000095b00000| Untracked 
|  68|0x0000000095c00000, 0x0000000095c00000, 0x0000000095d00000|  0%| F|  |TAMS 0x0000000095c00000, 0x0000000095c00000| Untracked 
|  69|0x0000000095d00000, 0x0000000095d00000, 0x0000000095e00000|  0%| F|  |TAMS 0x0000000095d00000, 0x0000000095d00000| Untracked 
|  70|0x0000000095e00000, 0x0000000095e00000, 0x0000000095f00000|  0%| F|  |TAMS 0x0000000095e00000, 0x0000000095e00000| Untracked 
|  71|0x0000000095f00000, 0x0000000095f00000, 0x0000000096000000|  0%| F|  |TAMS 0x0000000095f00000, 0x0000000095f00000| Untracked 
|  72|0x0000000096000000, 0x0000000096000000, 0x0000000096100000|  0%| F|  |TAMS 0x0000000096000000, 0x0000000096000000| Untracked 
|  73|0x0000000096100000, 0x0000000096100000, 0x0000000096200000|  0%| F|  |TAMS 0x0000000096100000, 0x0000000096100000| Untracked 
|  74|0x0000000096200000, 0x0000000096200000, 0x0000000096300000|  0%| F|  |TAMS 0x0000000096200000, 0x0000000096200000| Untracked 
|  75|0x0000000096300000, 0x0000000096300000, 0x0000000096400000|  0%| F|  |TAMS 0x0000000096300000, 0x0000000096300000| Untracked 
|  76|0x0000000096400000, 0x0000000096400000, 0x0000000096500000|  0%| F|  |TAMS 0x0000000096400000, 0x0000000096400000| Untracked 
|  77|0x0000000096500000, 0x0000000096500000, 0x0000000096600000|  0%| F|  |TAMS 0x0000000096500000, 0x0000000096500000| Untracked 
|  78|0x0000000096600000, 0x0000000096600000, 0x0000000096700000|  0%| F|  |TAMS 0x0000000096600000, 0x0000000096600000| Untracked 
|  79|0x0000000096700000, 0x0000000096700000, 0x0000000096800000|  0%| F|  |TAMS 0x0000000096700000, 0x0000000096700000| Untracked 
|  80|0x0000000096800000, 0x0000000096800000, 0x0000000096900000|  0%| F|  |TAMS 0x0000000096800000, 0x0000000096800000| Untracked 
|  81|0x0000000096900000, 0x0000000096900000, 0x0000000096a00000|  0%| F|  |TAMS 0x0000000096900000, 0x0000000096900000| Untracked 
|  82|0x0000000096a00000, 0x0000000096a00000, 0x0000000096b00000|  0%| F|  |TAMS 0x0000000096a00000, 0x0000000096a00000| Untracked 
|  83|0x0000000096b00000, 0x0000000096b00000, 0x0000000096c00000|  0%| F|  |TAMS 0x0000000096b00000, 0x0000000096b00000| Untracked 
|  84|0x0000000096c00000, 0x0000000096c00000, 0x0000000096d00000|  0%| F|  |TAMS 0x0000000096c00000, 0x0000000096c00000| Untracked 
|  85|0x0000000096d00000, 0x0000000096d00000, 0x0000000096e00000|  0%| F|  |TAMS 0x0000000096d00000, 0x0000000096d00000| Untracked 
|  86|0x0000000096e00000, 0x0000000096e00000, 0x0000000096f00000|  0%| F|  |TAMS 0x0000000096e00000, 0x0000000096e00000| Untracked 
|  87|0x0000000096f00000, 0x0000000096f00000, 0x0000000097000000|  0%| F|  |TAMS 0x0000000096f00000, 0x0000000096f00000| Untracked 
|  88|0x0000000097000000, 0x0000000097000000, 0x0000000097100000|  0%| F|  |TAMS 0x0000000097000000, 0x0000000097000000| Untracked 
|  89|0x0000000097100000, 0x0000000097100000, 0x0000000097200000|  0%| F|  |TAMS 0x0000000097100000, 0x0000000097100000| Untracked 
|  90|0x0000000097200000, 0x0000000097200000, 0x0000000097300000|  0%| F|  |TAMS 0x0000000097200000, 0x0000000097200000| Untracked 
|  91|0x0000000097300000, 0x0000000097300000, 0x0000000097400000|  0%| F|  |TAMS 0x0000000097300000, 0x0000000097300000| Untracked 
|  92|0x0000000097400000, 0x0000000097400000, 0x0000000097500000|  0%| F|  |TAMS 0x0000000097400000, 0x0000000097400000| Untracked 
|  93|0x0000000097500000, 0x0000000097500000, 0x0000000097600000|  0%| F|  |TAMS 0x0000000097500000, 0x0000000097500000| Untracked 
|  94|0x0000000097600000, 0x0000000097600000, 0x0000000097700000|  0%| F|  |TAMS 0x0000000097600000, 0x0000000097600000| Untracked 
|  95|0x0000000097700000, 0x0000000097700000, 0x0000000097800000|  0%| F|  |TAMS 0x0000000097700000, 0x0000000097700000| Untracked 
|  96|0x0000000097800000, 0x0000000097800000, 0x0000000097900000|  0%| F|  |TAMS 0x0000000097800000, 0x0000000097800000| Untracked 
|  97|0x0000000097900000, 0x0000000097900000, 0x0000000097a00000|  0%| F|  |TAMS 0x0000000097900000, 0x0000000097900000| Untracked 
|  98|0x0000000097a00000, 0x0000000097a00000, 0x0000000097b00000|  0%| F|  |TAMS 0x0000000097a00000, 0x0000000097a00000| Untracked 
|  99|0x0000000097b00000, 0x0000000097b00000, 0x0000000097c00000|  0%| F|  |TAMS 0x0000000097b00000, 0x0000000097b00000| Untracked 
| 100|0x0000000097c00000, 0x0000000097c00000, 0x0000000097d00000|  0%| F|  |TAMS 0x0000000097c00000, 0x0000000097c00000| Untracked 
| 101|0x0000000097d00000, 0x0000000097d00000, 0x0000000097e00000|  0%| F|  |TAMS 0x0000000097d00000, 0x0000000097d00000| Untracked 
| 102|0x0000000097e00000, 0x0000000097e00000, 0x0000000097f00000|  0%| F|  |TAMS 0x0000000097e00000, 0x0000000097e00000| Untracked 
| 103|0x0000000097f00000, 0x0000000097f00000, 0x0000000098000000|  0%| F|  |TAMS 0x0000000097f00000, 0x0000000097f00000| Untracked 
| 104|0x0000000098000000, 0x0000000098000000, 0x0000000098100000|  0%| F|  |TAMS 0x0000000098000000, 0x0000000098000000| Untracked 
| 105|0x0000000098100000, 0x0000000098100000, 0x0000000098200000|  0%| F|  |TAMS 0x0000000098100000, 0x0000000098100000| Untracked 
| 106|0x0000000098200000, 0x0000000098200000, 0x0000000098300000|  0%| F|  |TAMS 0x0000000098200000, 0x0000000098200000| Untracked 
| 107|0x0000000098300000, 0x0000000098300000, 0x0000000098400000|  0%| F|  |TAMS 0x0000000098300000, 0x0000000098300000| Untracked 
| 108|0x0000000098400000, 0x0000000098400000, 0x0000000098500000|  0%| F|  |TAMS 0x0000000098400000, 0x0000000098400000| Untracked 
| 109|0x0000000098500000, 0x00000000985a0040, 0x0000000098600000| 62%| S|CS|TAMS 0x0000000098500000, 0x0000000098500000| Complete 
| 110|0x0000000098600000, 0x0000000098600000, 0x0000000098700000|  0%| F|  |TAMS 0x0000000098600000, 0x0000000098600000| Untracked 
| 111|0x0000000098700000, 0x0000000098700000, 0x0000000098800000|  0%| F|  |TAMS 0x0000000098700000, 0x0000000098700000| Untracked 

Card table byte_map: [0x0000019b3dc60000,0x0000019b3dfe0000] _byte_map_base: 0x0000019b3d7d4000

Marking Bits (Prev, Next): (CMBitMap*) 0x0000019b2488b610, (CMBitMap*) 0x0000019b2488b650
 Prev Bits: [0x0000019b3e360000, 0x0000019b3ff00000)
 Next Bits: [0x0000019b3ff00000, 0x0000019b41aa0000)

Polling page: 0x0000019b24930000

Metaspace:

Usage:
  Non-class:      4.97 MB capacity,     4.91 MB ( 99%) used,    56.26 KB (  1%) free+waste,     1.56 KB ( <1%) overhead. 
      Class:    491.00 KB capacity,   461.81 KB ( 94%) used,    28.56 KB (  6%) free+waste,   640 bytes ( <1%) overhead. 
       Both:      5.45 MB capacity,     5.36 MB ( 98%) used,    84.82 KB (  2%) free+waste,     2.19 KB ( <1%) overhead. 

Virtual space:
  Non-class space:        8.00 MB reserved,       5.00 MB ( 62%) committed 
      Class space:        1.00 GB reserved,     512.00 KB ( <1%) committed 
             Both:        1.01 GB reserved,       5.50 MB ( <1%) committed 

Chunk freelists:
   Non-Class:  34.00 KB
       Class:  21.00 KB
        Both:  55.00 KB

MaxMetaspaceSize: 17179869184.00 GB
CompressedClassSpaceSize: 1.00 GB

CodeHeap 'non-profiled nmethods': size=120000Kb used=25Kb max_used=25Kb free=119974Kb
 bounds [0x0000019b35d80000, 0x0000019b35ff0000, 0x0000019b3d2b0000]
CodeHeap 'profiled nmethods': size=120000Kb used=105Kb max_used=105Kb free=119895Kb
 bounds [0x0000019b2e850000, 0x0000019b2eac0000, 0x0000019b35d80000]
CodeHeap 'non-nmethods': size=5760Kb used=1088Kb max_used=1088Kb free=4671Kb
 bounds [0x0000019b2e2b0000, 0x0000019b2e520000, 0x0000019b2e850000]
 total_blobs=414 nmethods=92 adapters=235
 compilation: enabled
              stopped_count=0, restarted_count=0
 full_count=0

Compilation events (20 events):
Event: 0.256 Thread 0x0000019b44a2ca70   76       3       java.lang.Math::min (11 bytes)
Event: 0.257 Thread 0x0000019b44a2ca70 nmethod 76 0x0000019b2e867f90 code [0x0000019b2e868120, 0x0000019b2e868258]
Event: 0.272 Thread 0x0000019b44a2ca70   77       3       java.lang.StringLatin1::indexOf (61 bytes)
Event: 0.272 Thread 0x0000019b44a2ca70 nmethod 77 0x0000019b2e868310 code [0x0000019b2e8684c0, 0x0000019b2e868878]
Event: 0.288 Thread 0x0000019b44a2ca70   78       3       java.util.AbstractMap::<init> (5 bytes)
Event: 0.288 Thread 0x0000019b44a2ca70 nmethod 78 0x0000019b2e868990 code [0x0000019b2e868b20, 0x0000019b2e868c78]
Event: 0.306 Thread 0x0000019b44a2ca70   80       1       java.lang.Enum::ordinal (5 bytes)
Event: 0.306 Thread 0x0000019b44a2ca70 nmethod 80 0x0000019b35d84890 code [0x0000019b35d84a20, 0x0000019b35d84ad8]
Event: 0.323 Thread 0x0000019b44a2ca70   82       1       java.lang.Class::getClassLoader0 (5 bytes)
Event: 0.324 Thread 0x0000019b44a2ca70 nmethod 82 0x0000019b35d84e90 code [0x0000019b35d85020, 0x0000019b35d850d8]
Event: 0.329 Thread 0x0000019b44a2ca70   86       3       java.lang.String::<init> (15 bytes)
Event: 0.329 Thread 0x0000019b44a2ca70 nmethod 86 0x0000019b2e868d10 code [0x0000019b2e868ea0, 0x0000019b2e869058]
Event: 0.334 Thread 0x0000019b44a2ca70   89       1       java.util.concurrent.CopyOnWriteArrayList::setArray (6 bytes)
Event: 0.334 Thread 0x0000019b44a2ca70 nmethod 89 0x0000019b35d86190 code [0x0000019b35d86320, 0x0000019b35d86438]
Event: 0.334 Thread 0x0000019b44a2ca70   91       3       java.util.concurrent.ConcurrentHashMap::get (162 bytes)
Event: 0.336 Thread 0x0000019b44a2ca70 nmethod 91 0x0000019b2e869110 code [0x0000019b2e869340, 0x0000019b2e869da8]
Event: 0.336 Thread 0x0000019b44a2ca70   90       1       java.lang.module.ModuleDescriptor::provides (5 bytes)
Event: 0.336 Thread 0x0000019b44a2ca70 nmethod 90 0x0000019b35d86490 code [0x0000019b35d86620, 0x0000019b35d866d8]
Event: 0.336 Thread 0x0000019b44a2ca70   92       3       java.lang.StringBuilder::append (8 bytes)
Event: 0.336 Thread 0x0000019b44a2ca70 nmethod 92 0x0000019b2e86a090 code [0x0000019b2e86a240, 0x0000019b2e86a388]

GC Heap History (2 events):
Event: 0.340 GC heap before
{Heap before GC invocations=0 (full 0):
 garbage-first heap   total 114688K, used 1024K [0x0000000091800000, 0x0000000100000000)
  region size 1024K, 2 young (2048K), 0 survivors (0K)
 Metaspace       used 5489K, capacity 5577K, committed 5632K, reserved 1056768K
  class space    used 461K, capacity 491K, committed 512K, reserved 1048576K
}
Event: 0.343 GC heap after
{Heap after GC invocations=1 (full 0):
 garbage-first heap   total 114688K, used 640K [0x0000000091800000, 0x0000000100000000)
  region size 1024K, 1 young (1024K), 1 survivors (1024K)
 Metaspace       used 5489K, capacity 5577K, committed 5632K, reserved 1056768K
  class space    used 461K, capacity 491K, committed 512K, reserved 1048576K
}

Deoptimization events (0 events):
No events

Classes unloaded (0 events):
No events

Classes redefined (0 events):
No events

Internal exceptions (1 events):
Event: 0.307 Thread 0x0000019b2484f7c0 Exception <a 'java/lang/NoSuchMethodError'{0x00000000987f2238}: 'void java.lang.invoke.DirectMethodHandle$Holder.invokeSpecial(java.lang.Object, java.lang.Object, java.lang.Object)'> (0x00000000987f2238) 
thrown [./open/src/hotspot/share/interpreter/linkResolver.cpp, line 782]

Events (20 events):
Event: 0.338 loading class jdk/internal/loader/BuiltinClassLoader$5
Event: 0.338 loading class jdk/internal/loader/BuiltinClassLoader$5 done
Event: 0.338 loading class jdk/internal/module/SystemModuleFinders$SystemModuleReader
Event: 0.338 loading class java/lang/module/ModuleReader
Event: 0.339 loading class java/lang/module/ModuleReader done
Event: 0.339 loading class jdk/internal/module/SystemModuleFinders$SystemModuleReader done
Event: 0.339 loading class jdk/internal/module/SystemModuleFinders$SystemImage
Event: 0.339 loading class jdk/internal/module/SystemModuleFinders$SystemImage done
Event: 0.339 loading class jdk/internal/jimage/ImageReaderFactory
Event: 0.339 loading class jdk/internal/jimage/ImageReaderFactory done
Event: 0.339 loading class java/nio/file/Paths
Event: 0.339 loading class java/nio/file/Paths done
Event: 0.339 loading class java/nio/file/Path
Event: 0.339 loading class java/nio/file/Watchable
Event: 0.339 loading class java/nio/file/Watchable done
Event: 0.339 loading class java/nio/file/Path done
Event: 0.339 loading class java/nio/file/FileSystems
Event: 0.339 loading class java/nio/file/FileSystems done
Event: 0.339 loading class java/nio/file/FileSystems$DefaultFileSystemHolder
Event: 0.340 Executing VM operation: CollectForMetadataAllocation


Dynamic libraries:
0x00007ff613090000 - 0x00007ff61309f000 	C:\Program Files\Java\jdk-15\bin\javaw.exe
0x00007ffc465b0000 - 0x00007ffc467a6000 	C:\WINDOWS\SYSTEM32\ntdll.dll
0x00007ffc453c0000 - 0x00007ffc4547d000 	C:\WINDOWS\System32\KERNEL32.DLL
0x00007ffc44090000 - 0x00007ffc44359000 	C:\WINDOWS\System32\KERNELBASE.dll
0x00007ffc43d50000 - 0x00007ffc43e50000 	C:\WINDOWS\System32\ucrtbase.dll
0x00007ffc3e420000 - 0x00007ffc3e439000 	C:\Program Files\Java\jdk-15\bin\VCRUNTIME140.dll
0x00007ffc3a2b0000 - 0x00007ffc3a2c8000 	C:\Program Files\Java\jdk-15\bin\jli.dll
0x00007ffc44610000 - 0x00007ffc446bc000 	C:\WINDOWS\System32\ADVAPI32.dll
0x00007ffc44d70000 - 0x00007ffc44e0e000 	C:\WINDOWS\System32\msvcrt.dll
0x00007ffc44f50000 - 0x00007ffc44fec000 	C:\WINDOWS\System32\sechost.dll
0x00007ffc45a70000 - 0x00007ffc45b9b000 	C:\WINDOWS\System32\RPCRT4.dll
0x00007ffc446f0000 - 0x00007ffc44890000 	C:\WINDOWS\System32\USER32.dll
0x00007ffc43cf0000 - 0x00007ffc43d12000 	C:\WINDOWS\System32\win32u.dll
0x00007ffc446c0000 - 0x00007ffc446ea000 	C:\WINDOWS\System32\GDI32.dll
0x00007ffc43e50000 - 0x00007ffc43f59000 	C:\WINDOWS\System32\gdi32full.dll
0x00007ffc443c0000 - 0x00007ffc4445d000 	C:\WINDOWS\System32\msvcp_win.dll
0x00007ffc2e8f0000 - 0x00007ffc2eb8b000 	C:\WINDOWS\WinSxS\amd64_microsoft.windows.common-controls_6595b64144ccf1df_6.0.19041.488_none_ca04af081b815d21\COMCTL32.dll
0x00007ffc39470000 - 0x00007ffc3947a000 	C:\WINDOWS\SYSTEM32\VERSION.dll
0x00007ffc44e10000 - 0x00007ffc44e40000 	C:\WINDOWS\System32\IMM32.DLL
0x00007ffc3f6a0000 - 0x00007ffc3f6ac000 	C:\Program Files\Java\jdk-15\bin\vcruntime140_1.dll
0x00007ffc30f70000 - 0x00007ffc31001000 	C:\Program Files\Java\jdk-15\bin\msvcp140.dll
0x00007ffc1c4c0000 - 0x00007ffc1d01c000 	C:\Program Files\Java\jdk-15\bin\server\jvm.dll
0x00007ffc44ff0000 - 0x00007ffc44ff8000 	C:\WINDOWS\System32\PSAPI.DLL
0x00007ffc2fea0000 - 0x00007ffc2fea9000 	C:\WINDOWS\SYSTEM32\WSOCK32.dll
0x00007ffc45000000 - 0x00007ffc4506b000 	C:\WINDOWS\System32\WS2_32.dll
0x00007ffc32fb0000 - 0x00007ffc32fd7000 	C:\WINDOWS\SYSTEM32\WINMM.dll
0x00007ffc41c40000 - 0x00007ffc41c52000 	C:\WINDOWS\SYSTEM32\kernel.appcore.dll
0x00007ffc3f0f0000 - 0x00007ffc3f0fa000 	C:\Program Files\Java\jdk-15\bin\jimage.dll
0x00007ffc3c2c0000 - 0x00007ffc3c4a4000 	C:\WINDOWS\SYSTEM32\DBGHELP.DLL
0x00007ffc3c130000 - 0x00007ffc3c15c000 	C:\WINDOWS\SYSTEM32\dbgcore.DLL
0x00007ffc43f60000 - 0x00007ffc43fe0000 	C:\WINDOWS\System32\bcryptPrimitives.dll
0x00007ffc34e70000 - 0x00007ffc34e95000 	C:\Program Files\Java\jdk-15\bin\java.dll
0x00007ffc45d50000 - 0x00007ffc46492000 	C:\WINDOWS\System32\SHELL32.dll
0x00007ffc41e40000 - 0x00007ffc425d5000 	C:\WINDOWS\SYSTEM32\windows.storage.dll
0x00007ffc449b0000 - 0x00007ffc44d06000 	C:\WINDOWS\System32\combase.dll
0x00007ffc43690000 - 0x00007ffc436bc000 	C:\WINDOWS\SYSTEM32\Wldp.dll
0x00007ffc44890000 - 0x00007ffc4493e000 	C:\WINDOWS\System32\SHCORE.dll
0x00007ffc45480000 - 0x00007ffc454d5000 	C:\WINDOWS\System32\shlwapi.dll
0x00007ffc43c20000 - 0x00007ffc43c46000 	C:\WINDOWS\SYSTEM32\profapi.dll

dbghelp: loaded successfully - version: 4.0.5 - missing functions: none
symbol engine: initialized successfully - sym options: 0x614 - pdb path: .;C:\Program Files\Java\jdk-15\bin;C:\WINDOWS\SYSTEM32;C:\WINDOWS\WinSxS\amd64_microsoft.windows.common-controls_6595b64144ccf1df_6.0.19041.488_none_ca04af081b815d21;C:\Program Files\Java\jdk-15\bin\server

VM Arguments:
jvm_args: -Dfile.encoding=Cp1252 -XX:+ShowCodeDetailsInExceptionMessages 
java_command: Controller.Controller
java_class_path (initial): C:\Users\Mathaus\Documents\GitHub\ProgettoOOBD\Codice Java\ScaloAeroportuale\bin;C:\Users\Mathaus\Documents\GitHub\ProgettoOOBD\Codice Java\ScaloAeroportuale\jgoodies-forms-1.8.0.jar;C:\Users\Mathaus\Downloads\postgresql-42.2.18.jar
Launcher Type: SUN_STANDARD

[Global flags]
     intx CICompilerCount                          = 3                                         {product} {ergonomic}
     uint ConcGCThreads                            = 1                                         {product} {ergonomic}
     uint G1ConcRefinementThreads                  = 4                                         {product} {ergonomic}
   size_t G1HeapRegionSize                         = 1048576                                   {product} {ergonomic}
    uintx GCDrainStackTargetSize                   = 64                                        {product} {ergonomic}
   size_t InitialHeapSize                          = 117440512                                 {product} {ergonomic}
   size_t MarkStackSize                            = 4194304                                   {product} {ergonomic}
   size_t MaxHeapSize                              = 1853882368                                {product} {ergonomic}
   size_t MaxNewSize                               = 1111490560                                {product} {ergonomic}
   size_t MinHeapDeltaBytes                        = 1048576                                   {product} {ergonomic}
   size_t MinHeapSize                              = 8388608                                   {product} {ergonomic}
    uintx NonNMethodCodeHeapSize                   = 5832780                                {pd product} {ergonomic}
    uintx NonProfiledCodeHeapSize                  = 122912730                              {pd product} {ergonomic}
    uintx ProfiledCodeHeapSize                     = 122912730                              {pd product} {ergonomic}
    uintx ReservedCodeCacheSize                    = 251658240                              {pd product} {ergonomic}
     bool SegmentedCodeCache                       = true                                      {product} {ergonomic}
     bool ShowCodeDetailsInExceptionMessages       = true                                   {manageable} {command line}
   size_t SoftMaxHeapSize                          = 1853882368                             {manageable} {ergonomic}
     bool UseCompressedClassPointers               = true                                 {lp64_product} {ergonomic}
     bool UseCompressedOops                        = true                                 {lp64_product} {ergonomic}
     bool UseG1GC                                  = true                                      {product} {ergonomic}
     bool UseLargePagesIndividualAllocation        = false                                  {pd product} {ergonomic}

Logging:
Log output configuration:
 #0: stdout all=warning uptime,level,tags
 #1: stderr all=off uptime,level,tags

Environment Variables:
PATH=C:\Program Files\Common Files\Oracle\Java\javapath;C:\Program Files (x86)\Common Files\Oracle\Java\javapath;C:\WINDOWS\system32;C:\WINDOWS;C:\WINDOWS\System32\Wbem;C:\WINDOWS\System32\WindowsPowerShell\v1.0\;C:\WINDOWS\System32\OpenSSH\;C:\Program Files\PuTTY\;C:\Users\Mathaus\AppData\Local\Microsoft\WindowsApps;C:\Program Files\JetBrains\PyCharm Community Edition 2020.2\bin;;C:\Users\Mathaus\AppData\Local\Microsoft\WindowsApps;C:\Users\Mathaus\AppData\Local\GitHubDesktop\bin;C:\Users\Mathaus\AppData\Local\Programs\Microsoft VS Code\bin
USERNAME=Mathaus
OS=Windows_NT
PROCESSOR_IDENTIFIER=AMD64 Family 23 Model 17 Stepping 0, AuthenticAMD



---------------  S Y S T E M  ---------------

OS:
 Windows 10 , 64 bit Build 19041 (10.0.19041.662)
OS uptime: 9 days 6:42 hours

CPU: total 4 (initial active 4) (4 cores per cpu, 2 threads per core) family 23 model 17 stepping 0, cmov, cx8, fxsr, mmx, sse, sse2, sse3, ssse3, sse4.1, sse4.2, popcnt, vzeroupper, avx, avx2, aes, clmul, 3dnowpref, lzcnt, sse4a, ht, tsc, tscinvbit, tscinv, bmi1, bmi2, adx, sha, fma, clflush, clflushopt

Memory: 4k page, system-wide physical 7068M (1282M free)
TotalPageFile size 7068M (AvailPageFile size 4M)
current process WorkingSet (physical memory assigned to process): 29M, peak: 29M
current process commit charge ("private bytes"): 179M, peak: 180M

vm_info: Java HotSpot(TM) 64-Bit Server VM (15+36-1562) for windows-amd64 JRE (15+36-1562), built on Aug 11 2020 22:38:02 by "mach5one" with unknown MS VC++:1925

END.
