#
# There is insufficient memory for the Java Runtime Environment to continue.
# Native memory allocation (mmap) failed to map 117440512 bytes for G1 virtual space
# Possible reasons:
#   The system is out of physical RAM or swap space
#   The process is running with CompressedOops enabled, and the Java Heap may be blocking the growth of the native heap
# Possible solutions:
#   Reduce memory load on the system
#   Increase physical memory or swap space
#   Check if swap backing store is full
#   Decrease Java heap size (-Xmx/-Xms)
#   Decrease number of Java threads
#   Decrease Java thread stack sizes (-Xss)
#   Set larger code cache with -XX:ReservedCodeCacheSize=
#   JVM is running with Unscaled Compressed Oops mode in which the Java heap is
#     placed in the first 4GB address space. The Java Heap base address is the
#     maximum limit for the native heap growth. Please use -XX:HeapBaseMinAddress
#     to set the Java Heap base and to place the Java Heap above 4GB virtual address.
# This output file may be truncated or incomplete.
#
#  Out of Memory Error (./open/src/hotspot/os/windows/os_windows.cpp:3472), pid=6424, tid=1816
#
# JRE version:  (15.0+36) (build )
# Java VM: Java HotSpot(TM) 64-Bit Server VM (15+36-1562, mixed mode, sharing, tiered, compressed oops, g1 gc, windows-amd64)
# No core dump will be written. Minidumps are not enabled by default on client versions of Windows
#

---------------  S U M M A R Y ------------

Command Line: -Dfile.encoding=Cp1252 -XX:+ShowCodeDetailsInExceptionMessages Controller.Controller

Host: AMD Ryzen 3 2200U with Radeon Vega Mobile Gfx  , 4 cores, 6G,  Windows 10 , 64 bit Build 19041 (10.0.19041.662)
Time: Tue Dec 29 19:23:54 2020 ora solare Europa occidentale elapsed time: 0.022097 seconds (0d 0h 0m 0s)

---------------  T H R E A D  ---------------

Current thread (0x00000223ecf1f900):  JavaThread "Unknown thread" [_thread_in_vm, id=1816, stack(0x0000002d19300000,0x0000002d19400000)]

Stack: [0x0000002d19300000,0x0000002d19400000]
Native frames: (J=compiled Java code, j=interpreted, Vv=VM code, C=native code)
V  [jvm.dll+0x629eaa]
V  [jvm.dll+0x780379]
V  [jvm.dll+0x781ad3]
V  [jvm.dll+0x782133]
V  [jvm.dll+0x2159d5]
V  [jvm.dll+0x627299]
V  [jvm.dll+0x61bdd5]
V  [jvm.dll+0x2cf96d]
V  [jvm.dll+0x2cf7d2]
V  [jvm.dll+0x2d57ac]
V  [jvm.dll+0x32523a]
V  [jvm.dll+0x324904]
V  [jvm.dll+0x2a68ea]
V  [jvm.dll+0x2a7a88]
V  [jvm.dll+0x75d0f1]
V  [jvm.dll+0x333af4]
V  [jvm.dll+0x73d816]
V  [jvm.dll+0x3b68e7]
V  [jvm.dll+0x3b8371]
C  [jli.dll+0x52fb]
C  [ucrtbase.dll+0x214c2]
C  [KERNEL32.DLL+0x17034]
C  [ntdll.dll+0x4d0d1]


---------------  P R O C E S S  ---------------

Threads class SMR info:
_java_thread_list=0x00007fffd2b92fa0, length=0, elements={
}

Java Threads: ( => current thread )

Other Threads:
  0x00000223ecf5acf0 GCTaskThread "GC Thread#0" [stack: 0x0000002d19400000,0x0000002d19500000] [id=3620]
  0x00000223ecf6b300 ConcurrentGCThread "G1 Main Marker" [stack: 0x0000002d19500000,0x0000002d19600000] [id=8552]
  0x00000223ecf6be00 ConcurrentGCThread "G1 Conc#0" [stack: 0x0000002d19600000,0x0000002d19700000] [id=1148]

[error occurred during error reporting (printing all threads), id 0xc0000005, EXCEPTION_ACCESS_VIOLATION (0xc0000005) at pc=0x00007fffd23877b7]

VM state: not at safepoint (not fully initialized)

VM Mutex/Monitor currently owned by a thread:  ([mutex/lock_event])
[0x00000223ecf1b3b0] Heap_lock - owner thread: 0x00000223ecf1f900

Heap address: 0x0000000091800000, size: 1768 MB, Compressed Oops mode: 32-bit
CDS archive(s) mapped at: [0x0000000000000000-0x0000000000000000-0x0000000000000000), size 0, SharedBaseAddress: 0x0000000800000000, ArchiveRelocationMode: 0.
Narrow klass base: 0x0000000000000000, Narrow klass shift: 0, Narrow klass range: 0x0

Heap:
 garbage-first heap   total 114688K, used 0K [0x0000000091800000, 0x0000000100000000)
  region size 1024K, 0 young (0K), 0 survivors (0K)
 Metaspace       used 0K, capacity 0K, committed 0K, reserved 0K
  class space    used 0K, capacity 0K, committed 0K, reserved 0K

Heap Regions: E=young(eden), S=young(survivor), O=old, HS=humongous(starts), HC=humongous(continues), CS=collection set, F=free, OA=open archive, CA=closed archive, TAMS=top-at-mark-start (previous, next)

Card table byte_map: [0x00000223f7300000,0x00000223f7680000] _byte_map_base: 0x00000223f6e74000

Marking Bits (Prev, Next): (CMBitMap*) 0x00000223ecf5b470, (CMBitMap*) 0x00000223ecf5b4b0
 Prev Bits: [0x00000223f7a00000, 0x00000223f95a0000)
 Next Bits: [0x00000223f95a0000, 0x00000223fb140000)

GC Heap History (0 events):
No events

Deoptimization events (0 events):
No events

Classes unloaded (0 events):
No events

Classes redefined (0 events):
No events

Internal exceptions (0 events):
No events

Events (1 events):
Event: 0.012 Loaded shared library C:\Program Files\Java\jdk-15\bin\java.dll


Dynamic libraries:
0x00007ff71ae50000 - 0x00007ff71ae5f000 	C:\Program Files\Java\jdk-15\bin\javaw.exe
0x00007ffffe410000 - 0x00007ffffe606000 	C:\WINDOWS\SYSTEM32\ntdll.dll
0x00007ffffc7d0000 - 0x00007ffffc88d000 	C:\WINDOWS\System32\KERNEL32.DLL
0x00007ffffc110000 - 0x00007ffffc3d9000 	C:\WINDOWS\System32\KERNELBASE.dll
0x00007ffffbdd0000 - 0x00007ffffbed0000 	C:\WINDOWS\System32\ucrtbase.dll
0x00007ffff4870000 - 0x00007ffff4888000 	C:\Program Files\Java\jdk-15\bin\jli.dll
0x00007ffffc4d0000 - 0x00007ffffc57c000 	C:\WINDOWS\System32\ADVAPI32.dll
0x00007ffffc9c0000 - 0x00007ffffca5e000 	C:\WINDOWS\System32\msvcrt.dll
0x00007ffffc730000 - 0x00007ffffc7cc000 	C:\WINDOWS\System32\sechost.dll
0x00007ffffe2a0000 - 0x00007ffffe3cb000 	C:\WINDOWS\System32\RPCRT4.dll
0x00007ffffdfe0000 - 0x00007ffffe180000 	C:\WINDOWS\System32\USER32.dll
0x00007ffffc3e0000 - 0x00007ffffc402000 	C:\WINDOWS\System32\win32u.dll
0x00007ffffd680000 - 0x00007ffffd6aa000 	C:\WINDOWS\System32\GDI32.dll
0x00007ffff6550000 - 0x00007ffff6569000 	C:\Program Files\Java\jdk-15\bin\VCRUNTIME140.dll
0x00007ffffbed0000 - 0x00007ffffbfd9000 	C:\WINDOWS\System32\gdi32full.dll
0x00007ffffbce0000 - 0x00007ffffbd7d000 	C:\WINDOWS\System32\msvcp_win.dll
0x00007fffea6e0000 - 0x00007fffea97b000 	C:\WINDOWS\WinSxS\amd64_microsoft.windows.common-controls_6595b64144ccf1df_6.0.19041.488_none_ca04af081b815d21\COMCTL32.dll
0x00007ffff3b50000 - 0x00007ffff3b5a000 	C:\WINDOWS\SYSTEM32\VERSION.dll
0x00007ffffe210000 - 0x00007ffffe240000 	C:\WINDOWS\System32\IMM32.DLL
0x00007ffff9390000 - 0x00007ffff939c000 	C:\Program Files\Java\jdk-15\bin\vcruntime140_1.dll
0x00007fffe5040000 - 0x00007fffe50d1000 	C:\Program Files\Java\jdk-15\bin\msvcp140.dll
0x00007fffd20d0000 - 0x00007fffd2c2c000 	C:\Program Files\Java\jdk-15\bin\server\jvm.dll
0x00007ffffc890000 - 0x00007ffffc898000 	C:\WINDOWS\System32\PSAPI.DLL
0x00007ffff28c0000 - 0x00007ffff28e7000 	C:\WINDOWS\SYSTEM32\WINMM.dll
0x00007fffe7120000 - 0x00007fffe7129000 	C:\WINDOWS\SYSTEM32\WSOCK32.dll
0x00007ffffcc60000 - 0x00007ffffcccb000 	C:\WINDOWS\System32\WS2_32.dll
0x00007ffff9aa0000 - 0x00007ffff9ab2000 	C:\WINDOWS\SYSTEM32\kernel.appcore.dll
0x00007ffff9350000 - 0x00007ffff935a000 	C:\Program Files\Java\jdk-15\bin\jimage.dll
0x00007fffee760000 - 0x00007fffee944000 	C:\WINDOWS\SYSTEM32\DBGHELP.DLL
0x00007fffee570000 - 0x00007fffee59c000 	C:\WINDOWS\SYSTEM32\dbgcore.DLL
0x00007ffffc090000 - 0x00007ffffc110000 	C:\WINDOWS\System32\bcryptPrimitives.dll
0x00007ffff01c0000 - 0x00007ffff01e5000 	C:\Program Files\Java\jdk-15\bin\java.dll

dbghelp: loaded successfully - version: 4.0.5 - missing functions: none
symbol engine: initialized successfully - sym options: 0x614 - pdb path: .;C:\Program Files\Java\jdk-15\bin;C:\WINDOWS\SYSTEM32;C:\WINDOWS\WinSxS\amd64_microsoft.windows.common-controls_6595b64144ccf1df_6.0.19041.488_none_ca04af081b815d21;C:\Program Files\Java\jdk-15\bin\server

VM Arguments:
jvm_args: -Dfile.encoding=Cp1252 -XX:+ShowCodeDetailsInExceptionMessages 
java_command: Controller.Controller
java_class_path (initial): C:\Users\Mathaus\Documents\GitHub\ProgettoOOBD\Codice Java\ScaloAeroportuale\bin;C:\Users\Mathaus\Documents\GitHub\ProgettoOOBD\Codice Java\ScaloAeroportuale\jgoodies-forms-1.8.0.jar;C:\Users\Mathaus\Downloads\postgresql-42.2.18.jar
Launcher Type: SUN_STANDARD

[Global flags]
     intx CICompilerCount                          = 3                                         {product} {ergonomic}
     uint ConcGCThreads                            = 1                                         {product} {ergonomic}
     uint G1ConcRefinementThreads                  = 4                                         {product} {ergonomic}
   size_t G1HeapRegionSize                         = 1048576                                   {product} {ergonomic}
    uintx GCDrainStackTargetSize                   = 64                                        {product} {ergonomic}
   size_t InitialHeapSize                          = 117440512                                 {product} {ergonomic}
   size_t MarkStackSize                            = 4194304                                   {product} {ergonomic}
   size_t MaxHeapSize                              = 1853882368                                {product} {ergonomic}
   size_t MinHeapDeltaBytes                        = 1048576                                   {product} {ergonomic}
   size_t MinHeapSize                              = 8388608                                   {product} {ergonomic}
    uintx NonNMethodCodeHeapSize                   = 5832780                                {pd product} {ergonomic}
    uintx NonProfiledCodeHeapSize                  = 122912730                              {pd product} {ergonomic}
    uintx ProfiledCodeHeapSize                     = 122912730                              {pd product} {ergonomic}
    uintx ReservedCodeCacheSize                    = 251658240                              {pd product} {ergonomic}
     bool SegmentedCodeCache                       = true                                      {product} {ergonomic}
     bool ShowCodeDetailsInExceptionMessages       = true                                   {manageable} {command line}
   size_t SoftMaxHeapSize                          = 1853882368                             {manageable} {ergonomic}
     bool UseCompressedClassPointers               = true                                 {lp64_product} {ergonomic}
     bool UseCompressedOops                        = true                                 {lp64_product} {ergonomic}
     bool UseG1GC                                  = true                                      {product} {ergonomic}
     bool UseLargePagesIndividualAllocation        = false                                  {pd product} {ergonomic}

Logging:
Log output configuration:
 #0: stdout all=warning uptime,level,tags
 #1: stderr all=off uptime,level,tags

Environment Variables:
PATH=C:\Program Files\Common Files\Oracle\Java\javapath;C:\Program Files (x86)\Common Files\Oracle\Java\javapath;C:\WINDOWS\system32;C:\WINDOWS;C:\WINDOWS\System32\Wbem;C:\WINDOWS\System32\WindowsPowerShell\v1.0\;C:\WINDOWS\System32\OpenSSH\;C:\Program Files\PuTTY\;C:\Users\Mathaus\AppData\Local\Microsoft\WindowsApps;C:\Program Files\JetBrains\PyCharm Community Edition 2020.2\bin;;C:\Users\Mathaus\AppData\Local\Microsoft\WindowsApps;C:\Users\Mathaus\AppData\Local\GitHubDesktop\bin;C:\Users\Mathaus\AppData\Local\Programs\Microsoft VS Code\bin
USERNAME=Mathaus
OS=Windows_NT
PROCESSOR_IDENTIFIER=AMD64 Family 23 Model 17 Stepping 0, AuthenticAMD



---------------  S Y S T E M  ---------------

OS:
 Windows 10 , 64 bit Build 19041 (10.0.19041.662)
OS uptime: 1 days 23:17 hours

CPU: total 4 (initial active 4) (4 cores per cpu, 2 threads per core) family 23 model 17 stepping 0, cmov, cx8, fxsr, mmx, sse, sse2, sse3, ssse3, sse4.1, sse4.2, popcnt, vzeroupper, avx, avx2, aes, clmul, 3dnowpref, lzcnt, sse4a, ht, tsc, tscinvbit, tscinv, bmi1, bmi2, adx, sha, fma, clflush, clflushopt

Memory: 4k page, system-wide physical 7068M (1105M free)
TotalPageFile size 7068M (AvailPageFile size 115M)
current process WorkingSet (physical memory assigned to process): 10M, peak: 10M
current process commit charge ("private bytes"): 51M, peak: 163M

vm_info: Java HotSpot(TM) 64-Bit Server VM (15+36-1562) for windows-amd64 JRE (15+36-1562), built on Aug 11 2020 22:38:02 by "mach5one" with unknown MS VC++:1925

END.
