#
# There is insufficient memory for the Java Runtime Environment to continue.
# Native memory allocation (malloc) failed to allocate 1048576 bytes for AllocateHeap
# Possible reasons:
#   The system is out of physical RAM or swap space
#   The process is running with CompressedOops enabled, and the Java Heap may be blocking the growth of the native heap
# Possible solutions:
#   Reduce memory load on the system
#   Increase physical memory or swap space
#   Check if swap backing store is full
#   Decrease Java heap size (-Xmx/-Xms)
#   Decrease number of Java threads
#   Decrease Java thread stack sizes (-Xss)
#   Set larger code cache with -XX:ReservedCodeCacheSize=
#   JVM is running with Unscaled Compressed Oops mode in which the Java heap is
#     placed in the first 4GB address space. The Java Heap base address is the
#     maximum limit for the native heap growth. Please use -XX:HeapBaseMinAddress
#     to set the Java Heap base and to place the Java Heap above 4GB virtual address.
# This output file may be truncated or incomplete.
#
#  Out of Memory Error (./open/src/hotspot/share/memory/allocation.cpp:44), pid=8580, tid=8240
#
# JRE version: Java(TM) SE Runtime Environment (15.0+36) (build 15+36-1562)
# Java VM: Java HotSpot(TM) 64-Bit Server VM (15+36-1562, mixed mode, sharing, tiered, compressed oops, g1 gc, windows-amd64)
# No core dump will be written. Minidumps are not enabled by default on client versions of Windows
#

---------------  S U M M A R Y ------------

Command Line: -Dfile.encoding=Cp1252 -XX:+ShowCodeDetailsInExceptionMessages Controller.Controller

Host: AMD Ryzen 3 2200U with Radeon Vega Mobile Gfx  , 4 cores, 6G,  Windows 10 , 64 bit Build 19041 (10.0.19041.662)
Time: Thu Dec 24 12:23:57 2020 ora solare Europa occidentale elapsed time: 0.439895 seconds (0d 0h 0m 0s)

---------------  T H R E A D  ---------------

Current thread (0x0000025a8ce5ac60):  VMThread "VM Thread" [stack: 0x000000be36f00000,0x000000be37000000] [id=8240]

Stack: [0x000000be36f00000,0x000000be37000000]
[error occurred during error reporting (printing stack bounds), id 0xc0000005, EXCEPTION_ACCESS_VIOLATION (0xc0000005) at pc=0x0000025a94fc10ad]

Native frames: (J=compiled Java code, j=interpreted, Vv=VM code, C=native code)
V  [jvm.dll+0x629eaa]
V  [jvm.dll+0x780379]
V  [jvm.dll+0x781ad3]
V  [jvm.dll+0x782095]
V  [jvm.dll+0x78204b]
V  [jvm.dll+0x629379]
V  [jvm.dll+0x629b48]
C  [ntdll.dll+0xa130f]
C  [ntdll.dll+0x4b5e4]
C  [ntdll.dll+0x9fe3e]
C  0x0000025a94fc10ad

VM_Operation (0x000000be369fd290): CollectForMetadataAllocation, mode: safepoint, requested by thread 0x0000025a8cd7f7c0


---------------  P R O C E S S  ---------------

Threads class SMR info:
_java_thread_list=0x0000025aab3765f0, length=15, elements={
0x0000025a8cd7f7c0, 0x0000025a8ce5e800, 0x0000025aaa6113d0, 0x0000025aaa629800,
0x0000025aaa6300f0, 0x0000025aaa6309b0, 0x0000025aaa63c5d0, 0x0000025aaa640c60,
0x0000025aaa649550, 0x0000025aab08f0b0, 0x0000025aab0af540, 0x0000025aab2dd030,
0x0000025aab2dffc0, 0x0000025aab2e57c0, 0x0000025aabe139f0
}

Java Threads: ( => current thread )
  0x0000025a8cd7f7c0 JavaThread "main" [_thread_blocked, id=9848, stack(0x000000be36900000,0x000000be36a00000)]
  0x0000025a8ce5e800 JavaThread "Reference Handler" daemon [_thread_blocked, id=11752, stack(0x000000be37000000,0x000000be37100000)]
  0x0000025aaa6113d0 JavaThread "Finalizer" daemon [_thread_blocked, id=13452, stack(0x000000be37100000,0x000000be37200000)]
  0x0000025aaa629800 JavaThread "Signal Dispatcher" daemon [_thread_blocked, id=11124, stack(0x000000be37200000,0x000000be37300000)]
  0x0000025aaa6300f0 JavaThread "Attach Listener" daemon [_thread_blocked, id=11712, stack(0x000000be37300000,0x000000be37400000)]
  0x0000025aaa6309b0 JavaThread "Service Thread" daemon [_thread_blocked, id=2820, stack(0x000000be37400000,0x000000be37500000)]
  0x0000025aaa63c5d0 JavaThread "C2 CompilerThread0" daemon [_thread_blocked, id=8296, stack(0x000000be37500000,0x000000be37600000)]
  0x0000025aaa640c60 JavaThread "C1 CompilerThread0" daemon [_thread_blocked, id=6920, stack(0x000000be37600000,0x000000be37700000)]
  0x0000025aaa649550 JavaThread "Sweeper thread" daemon [_thread_blocked, id=6840, stack(0x000000be37700000,0x000000be37800000)]
  0x0000025aab08f0b0 JavaThread "Notification Thread" daemon [_thread_blocked, id=11356, stack(0x000000be37800000,0x000000be37900000)]
  0x0000025aab0af540 JavaThread "Common-Cleaner" daemon [_thread_blocked, id=2220, stack(0x000000be37a00000,0x000000be37b00000)]
  0x0000025aab2dd030 JavaThread "Java2D Disposer" daemon [_thread_blocked, id=7060, stack(0x000000be37b00000,0x000000be37c00000)]
  0x0000025aab2dffc0 JavaThread "AWT-Shutdown" [_thread_blocked, id=11700, stack(0x000000be37c00000,0x000000be37d00000)]
  0x0000025aab2e57c0 JavaThread "AWT-Windows" daemon [_thread_in_native, id=13648, stack(0x000000be37d00000,0x000000be37e00000)]
  0x0000025aabe139f0 JavaThread "AWT-EventQueue-0" [_thread_blocked, id=7780, stack(0x000000be38000000,0x000000be38100000)]

Other Threads:
=>0x0000025a8ce5ac60 VMThread "VM Thread" [stack: 0x000000be36f00000,0x000000be37000000] [id=8240]
  0x0000025aab085ae0 WatcherThread [stack: 0x000000be37900000,0x000000be37a00000] [id=13152]
  0x0000025a8cdbaf10 GCTaskThread "GC Thread#0" [stack: 0x000000be36a00000,0x000000be36b00000] [id=9732]
  0x0000025aab2b48d0 GCTaskThread "GC Thread#1" [stack: 0x000000be38100000,0x000000be38200000] [id=12876]
  0x0000025a8cdcb520 ConcurrentGCThread "G1 Main Marker" [stack: 0x000000be36b00000,0x000000be36c00000] [id=4200]
  0x0000025a8cdcc020 ConcurrentGCThread "G1 Conc#0" [stack: 0x000000be36c00000,0x000000be36d00000] [id=9724]
  0x0000025a8ce33480 ConcurrentGCThread "G1 Refine#0" [stack: 0x000000be36d00000,0x000000be36e00000] [id=12932]
  0x0000025a8ce34e40 ConcurrentGCThread "G1 Young RemSet Sampling" [stack: 0x000000be36e00000,0x000000be36f00000] [id=6708]

Threads with active compile tasks:
C2 CompilerThread0      455  604       4       java.lang.AbstractStringBuilder::ensureCapacityInternal (39 bytes)

VM state: at safepoint (normal execution)

VM Mutex/Monitor currently owned by a thread:  ([mutex/lock_event])
[0x0000025a8cd7ac60] Threads_lock - owner thread: 0x0000025a8ce5ac60
[0x0000025a8cd7c1c0] Heap_lock - owner thread: 0x0000025a8cd7f7c0

Heap address: 0x0000000091800000, size: 1768 MB, Compressed Oops mode: 32-bit
CDS archive(s) mapped at: [0x0000000800000000-0x0000000800b50000-0x0000000800b50000), size 11862016, SharedBaseAddress: 0x0000000800000000, ArchiveRelocationMode: 0.
Compressed class space mapped at: 0x0000000800b50000-0x0000000840b50000, size: 1073741824
Narrow klass base: 0x0000000800000000, Narrow klass shift: 3, Narrow klass range: 0x100000000

GC Precious Log:
 CPUs: 4 total, 4 available
 Memory: 7068M
 Large Page Support: Disabled
 NUMA Support: Disabled
 Compressed Oops: Enabled (32-bit)
 Heap Region Size: 1M
 Heap Min Capacity: 8M
 Heap Initial Capacity: 112M
 Heap Max Capacity: 1768M
 Pre-touch: Disabled
 Parallel Workers: 4
 Concurrent Workers: 1
 Concurrent Refinement Workers: 4
 Periodic GC: Disabled

Heap:
 garbage-first heap   total 114688K, used 1740K [0x0000000091800000, 0x0000000100000000)
  region size 1024K, 2 young (2048K), 2 survivors (2048K)
 Metaspace       used 7172K, capacity 7292K, committed 7424K, reserved 1071104K
  class space    used 881K, capacity 929K, committed 1024K, reserved 1048576K

Heap Regions: E=young(eden), S=young(survivor), O=old, HS=humongous(starts), HC=humongous(continues), CS=collection set, F=free, OA=open archive, CA=closed archive, TAMS=top-at-mark-start (previous, next)
|   0|0x0000000091800000, 0x0000000091800000, 0x0000000091900000|  0%| F|  |TAMS 0x0000000091800000, 0x0000000091800000| Untracked 
|   1|0x0000000091900000, 0x0000000091900000, 0x0000000091a00000|  0%| F|  |TAMS 0x0000000091900000, 0x0000000091900000| Untracked 
|   2|0x0000000091a00000, 0x0000000091a00000, 0x0000000091b00000|  0%| F|  |TAMS 0x0000000091a00000, 0x0000000091a00000| Untracked 
|   3|0x0000000091b00000, 0x0000000091b00000, 0x0000000091c00000|  0%| F|  |TAMS 0x0000000091b00000, 0x0000000091b00000| Untracked 
|   4|0x0000000091c00000, 0x0000000091c00000, 0x0000000091d00000|  0%| F|  |TAMS 0x0000000091c00000, 0x0000000091c00000| Untracked 
|   5|0x0000000091d00000, 0x0000000091d00000, 0x0000000091e00000|  0%| F|  |TAMS 0x0000000091d00000, 0x0000000091d00000| Untracked 
|   6|0x0000000091e00000, 0x0000000091e00000, 0x0000000091f00000|  0%| F|  |TAMS 0x0000000091e00000, 0x0000000091e00000| Untracked 
|   7|0x0000000091f00000, 0x0000000091f00000, 0x0000000092000000|  0%| F|  |TAMS 0x0000000091f00000, 0x0000000091f00000| Untracked 
|   8|0x0000000092000000, 0x0000000092000000, 0x0000000092100000|  0%| F|  |TAMS 0x0000000092000000, 0x0000000092000000| Untracked 
|   9|0x0000000092100000, 0x0000000092100000, 0x0000000092200000|  0%| F|  |TAMS 0x0000000092100000, 0x0000000092100000| Untracked 
|  10|0x0000000092200000, 0x0000000092200000, 0x0000000092300000|  0%| F|  |TAMS 0x0000000092200000, 0x0000000092200000| Untracked 
|  11|0x0000000092300000, 0x0000000092300000, 0x0000000092400000|  0%| F|  |TAMS 0x0000000092300000, 0x0000000092300000| Untracked 
|  12|0x0000000092400000, 0x0000000092400000, 0x0000000092500000|  0%| F|  |TAMS 0x0000000092400000, 0x0000000092400000| Untracked 
|  13|0x0000000092500000, 0x0000000092500000, 0x0000000092600000|  0%| F|  |TAMS 0x0000000092500000, 0x0000000092500000| Untracked 
|  14|0x0000000092600000, 0x0000000092600000, 0x0000000092700000|  0%| F|  |TAMS 0x0000000092600000, 0x0000000092600000| Untracked 
|  15|0x0000000092700000, 0x0000000092700000, 0x0000000092800000|  0%| F|  |TAMS 0x0000000092700000, 0x0000000092700000| Untracked 
|  16|0x0000000092800000, 0x0000000092800000, 0x0000000092900000|  0%| F|  |TAMS 0x0000000092800000, 0x0000000092800000| Untracked 
|  17|0x0000000092900000, 0x0000000092900000, 0x0000000092a00000|  0%| F|  |TAMS 0x0000000092900000, 0x0000000092900000| Untracked 
|  18|0x0000000092a00000, 0x0000000092a00000, 0x0000000092b00000|  0%| F|  |TAMS 0x0000000092a00000, 0x0000000092a00000| Untracked 
|  19|0x0000000092b00000, 0x0000000092b00000, 0x0000000092c00000|  0%| F|  |TAMS 0x0000000092b00000, 0x0000000092b00000| Untracked 
|  20|0x0000000092c00000, 0x0000000092c00000, 0x0000000092d00000|  0%| F|  |TAMS 0x0000000092c00000, 0x0000000092c00000| Untracked 
|  21|0x0000000092d00000, 0x0000000092d00000, 0x0000000092e00000|  0%| F|  |TAMS 0x0000000092d00000, 0x0000000092d00000| Untracked 
|  22|0x0000000092e00000, 0x0000000092e00000, 0x0000000092f00000|  0%| F|  |TAMS 0x0000000092e00000, 0x0000000092e00000| Untracked 
|  23|0x0000000092f00000, 0x0000000092f00000, 0x0000000093000000|  0%| F|  |TAMS 0x0000000092f00000, 0x0000000092f00000| Untracked 
|  24|0x0000000093000000, 0x0000000093000000, 0x0000000093100000|  0%| F|  |TAMS 0x0000000093000000, 0x0000000093000000| Untracked 
|  25|0x0000000093100000, 0x0000000093100000, 0x0000000093200000|  0%| F|  |TAMS 0x0000000093100000, 0x0000000093100000| Untracked 
|  26|0x0000000093200000, 0x0000000093200000, 0x0000000093300000|  0%| F|  |TAMS 0x0000000093200000, 0x0000000093200000| Untracked 
|  27|0x0000000093300000, 0x0000000093300000, 0x0000000093400000|  0%| F|  |TAMS 0x0000000093300000, 0x0000000093300000| Untracked 
|  28|0x0000000093400000, 0x0000000093400000, 0x0000000093500000|  0%| F|  |TAMS 0x0000000093400000, 0x0000000093400000| Untracked 
|  29|0x0000000093500000, 0x0000000093500000, 0x0000000093600000|  0%| F|  |TAMS 0x0000000093500000, 0x0000000093500000| Untracked 
|  30|0x0000000093600000, 0x0000000093600000, 0x0000000093700000|  0%| F|  |TAMS 0x0000000093600000, 0x0000000093600000| Untracked 
|  31|0x0000000093700000, 0x0000000093700000, 0x0000000093800000|  0%| F|  |TAMS 0x0000000093700000, 0x0000000093700000| Untracked 
|  32|0x0000000093800000, 0x0000000093800000, 0x0000000093900000|  0%| F|  |TAMS 0x0000000093800000, 0x0000000093800000| Untracked 
|  33|0x0000000093900000, 0x0000000093900000, 0x0000000093a00000|  0%| F|  |TAMS 0x0000000093900000, 0x0000000093900000| Untracked 
|  34|0x0000000093a00000, 0x0000000093a00000, 0x0000000093b00000|  0%| F|  |TAMS 0x0000000093a00000, 0x0000000093a00000| Untracked 
|  35|0x0000000093b00000, 0x0000000093b00000, 0x0000000093c00000|  0%| F|  |TAMS 0x0000000093b00000, 0x0000000093b00000| Untracked 
|  36|0x0000000093c00000, 0x0000000093c00000, 0x0000000093d00000|  0%| F|  |TAMS 0x0000000093c00000, 0x0000000093c00000| Untracked 
|  37|0x0000000093d00000, 0x0000000093d00000, 0x0000000093e00000|  0%| F|  |TAMS 0x0000000093d00000, 0x0000000093d00000| Untracked 
|  38|0x0000000093e00000, 0x0000000093e00000, 0x0000000093f00000|  0%| F|  |TAMS 0x0000000093e00000, 0x0000000093e00000| Untracked 
|  39|0x0000000093f00000, 0x0000000093f00000, 0x0000000094000000|  0%| F|  |TAMS 0x0000000093f00000, 0x0000000093f00000| Untracked 
|  40|0x0000000094000000, 0x0000000094000000, 0x0000000094100000|  0%| F|  |TAMS 0x0000000094000000, 0x0000000094000000| Untracked 
|  41|0x0000000094100000, 0x0000000094100000, 0x0000000094200000|  0%| F|  |TAMS 0x0000000094100000, 0x0000000094100000| Untracked 
|  42|0x0000000094200000, 0x0000000094200000, 0x0000000094300000|  0%| F|  |TAMS 0x0000000094200000, 0x0000000094200000| Untracked 
|  43|0x0000000094300000, 0x0000000094300000, 0x0000000094400000|  0%| F|  |TAMS 0x0000000094300000, 0x0000000094300000| Untracked 
|  44|0x0000000094400000, 0x0000000094400000, 0x0000000094500000|  0%| F|  |TAMS 0x0000000094400000, 0x0000000094400000| Untracked 
|  45|0x0000000094500000, 0x0000000094500000, 0x0000000094600000|  0%| F|  |TAMS 0x0000000094500000, 0x0000000094500000| Untracked 
|  46|0x0000000094600000, 0x0000000094600000, 0x0000000094700000|  0%| F|  |TAMS 0x0000000094600000, 0x0000000094600000| Untracked 
|  47|0x0000000094700000, 0x0000000094700000, 0x0000000094800000|  0%| F|  |TAMS 0x0000000094700000, 0x0000000094700000| Untracked 
|  48|0x0000000094800000, 0x0000000094800000, 0x0000000094900000|  0%| F|  |TAMS 0x0000000094800000, 0x0000000094800000| Untracked 
|  49|0x0000000094900000, 0x0000000094900000, 0x0000000094a00000|  0%| F|  |TAMS 0x0000000094900000, 0x0000000094900000| Untracked 
|  50|0x0000000094a00000, 0x0000000094a00000, 0x0000000094b00000|  0%| F|  |TAMS 0x0000000094a00000, 0x0000000094a00000| Untracked 
|  51|0x0000000094b00000, 0x0000000094b00000, 0x0000000094c00000|  0%| F|  |TAMS 0x0000000094b00000, 0x0000000094b00000| Untracked 
|  52|0x0000000094c00000, 0x0000000094c00000, 0x0000000094d00000|  0%| F|  |TAMS 0x0000000094c00000, 0x0000000094c00000| Untracked 
|  53|0x0000000094d00000, 0x0000000094d00000, 0x0000000094e00000|  0%| F|  |TAMS 0x0000000094d00000, 0x0000000094d00000| Untracked 
|  54|0x0000000094e00000, 0x0000000094e00000, 0x0000000094f00000|  0%| F|  |TAMS 0x0000000094e00000, 0x0000000094e00000| Untracked 
|  55|0x0000000094f00000, 0x0000000094f00000, 0x0000000095000000|  0%| F|  |TAMS 0x0000000094f00000, 0x0000000094f00000| Untracked 
|  56|0x0000000095000000, 0x0000000095000000, 0x0000000095100000|  0%| F|  |TAMS 0x0000000095000000, 0x0000000095000000| Untracked 
|  57|0x0000000095100000, 0x0000000095100000, 0x0000000095200000|  0%| F|  |TAMS 0x0000000095100000, 0x0000000095100000| Untracked 
|  58|0x0000000095200000, 0x0000000095200000, 0x0000000095300000|  0%| F|  |TAMS 0x0000000095200000, 0x0000000095200000| Untracked 
|  59|0x0000000095300000, 0x0000000095300000, 0x0000000095400000|  0%| F|  |TAMS 0x0000000095300000, 0x0000000095300000| Untracked 
|  60|0x0000000095400000, 0x0000000095400000, 0x0000000095500000|  0%| F|  |TAMS 0x0000000095400000, 0x0000000095400000| Untracked 
|  61|0x0000000095500000, 0x0000000095500000, 0x0000000095600000|  0%| F|  |TAMS 0x0000000095500000, 0x0000000095500000| Untracked 
|  62|0x0000000095600000, 0x0000000095600000, 0x0000000095700000|  0%| F|  |TAMS 0x0000000095600000, 0x0000000095600000| Untracked 
|  63|0x0000000095700000, 0x0000000095700000, 0x0000000095800000|  0%| F|  |TAMS 0x0000000095700000, 0x0000000095700000| Untracked 
|  64|0x0000000095800000, 0x0000000095800000, 0x0000000095900000|  0%| F|  |TAMS 0x0000000095800000, 0x0000000095800000| Untracked 
|  65|0x0000000095900000, 0x0000000095900000, 0x0000000095a00000|  0%| F|  |TAMS 0x0000000095900000, 0x0000000095900000| Untracked 
|  66|0x0000000095a00000, 0x0000000095a00000, 0x0000000095b00000|  0%| F|  |TAMS 0x0000000095a00000, 0x0000000095a00000| Untracked 
|  67|0x0000000095b00000, 0x0000000095b00000, 0x0000000095c00000|  0%| F|  |TAMS 0x0000000095b00000, 0x0000000095b00000| Untracked 
|  68|0x0000000095c00000, 0x0000000095c00000, 0x0000000095d00000|  0%| F|  |TAMS 0x0000000095c00000, 0x0000000095c00000| Untracked 
|  69|0x0000000095d00000, 0x0000000095d00000, 0x0000000095e00000|  0%| F|  |TAMS 0x0000000095d00000, 0x0000000095d00000| Untracked 
|  70|0x0000000095e00000, 0x0000000095e00000, 0x0000000095f00000|  0%| F|  |TAMS 0x0000000095e00000, 0x0000000095e00000| Untracked 
|  71|0x0000000095f00000, 0x0000000095f00000, 0x0000000096000000|  0%| F|  |TAMS 0x0000000095f00000, 0x0000000095f00000| Untracked 
|  72|0x0000000096000000, 0x0000000096000000, 0x0000000096100000|  0%| F|  |TAMS 0x0000000096000000, 0x0000000096000000| Untracked 
|  73|0x0000000096100000, 0x0000000096100000, 0x0000000096200000|  0%| F|  |TAMS 0x0000000096100000, 0x0000000096100000| Untracked 
|  74|0x0000000096200000, 0x0000000096200000, 0x0000000096300000|  0%| F|  |TAMS 0x0000000096200000, 0x0000000096200000| Untracked 
|  75|0x0000000096300000, 0x0000000096300000, 0x0000000096400000|  0%| F|  |TAMS 0x0000000096300000, 0x0000000096300000| Untracked 
|  76|0x0000000096400000, 0x0000000096400000, 0x0000000096500000|  0%| F|  |TAMS 0x0000000096400000, 0x0000000096400000| Untracked 
|  77|0x0000000096500000, 0x0000000096500000, 0x0000000096600000|  0%| F|  |TAMS 0x0000000096500000, 0x0000000096500000| Untracked 
|  78|0x0000000096600000, 0x0000000096600000, 0x0000000096700000|  0%| F|  |TAMS 0x0000000096600000, 0x0000000096600000| Untracked 
|  79|0x0000000096700000, 0x0000000096700000, 0x0000000096800000|  0%| F|  |TAMS 0x0000000096700000, 0x0000000096700000| Untracked 
|  80|0x0000000096800000, 0x0000000096800000, 0x0000000096900000|  0%| F|  |TAMS 0x0000000096800000, 0x0000000096800000| Untracked 
|  81|0x0000000096900000, 0x0000000096900000, 0x0000000096a00000|  0%| F|  |TAMS 0x0000000096900000, 0x0000000096900000| Untracked 
|  82|0x0000000096a00000, 0x0000000096a00000, 0x0000000096b00000|  0%| F|  |TAMS 0x0000000096a00000, 0x0000000096a00000| Untracked 
|  83|0x0000000096b00000, 0x0000000096b00000, 0x0000000096c00000|  0%| F|  |TAMS 0x0000000096b00000, 0x0000000096b00000| Untracked 
|  84|0x0000000096c00000, 0x0000000096c00000, 0x0000000096d00000|  0%| F|  |TAMS 0x0000000096c00000, 0x0000000096c00000| Untracked 
|  85|0x0000000096d00000, 0x0000000096d00000, 0x0000000096e00000|  0%| F|  |TAMS 0x0000000096d00000, 0x0000000096d00000| Untracked 
|  86|0x0000000096e00000, 0x0000000096e00000, 0x0000000096f00000|  0%| F|  |TAMS 0x0000000096e00000, 0x0000000096e00000| Untracked 
|  87|0x0000000096f00000, 0x0000000096f00000, 0x0000000097000000|  0%| F|  |TAMS 0x0000000096f00000, 0x0000000096f00000| Untracked 
|  88|0x0000000097000000, 0x0000000097000000, 0x0000000097100000|  0%| F|  |TAMS 0x0000000097000000, 0x0000000097000000| Untracked 
|  89|0x0000000097100000, 0x0000000097100000, 0x0000000097200000|  0%| F|  |TAMS 0x0000000097100000, 0x0000000097100000| Untracked 
|  90|0x0000000097200000, 0x0000000097200000, 0x0000000097300000|  0%| F|  |TAMS 0x0000000097200000, 0x0000000097200000| Untracked 
|  91|0x0000000097300000, 0x0000000097300000, 0x0000000097400000|  0%| F|  |TAMS 0x0000000097300000, 0x0000000097300000| Untracked 
|  92|0x0000000097400000, 0x0000000097400000, 0x0000000097500000|  0%| F|  |TAMS 0x0000000097400000, 0x0000000097400000| Untracked 
|  93|0x0000000097500000, 0x0000000097500000, 0x0000000097600000|  0%| F|  |TAMS 0x0000000097500000, 0x0000000097500000| Untracked 
|  94|0x0000000097600000, 0x0000000097600000, 0x0000000097700000|  0%| F|  |TAMS 0x0000000097600000, 0x0000000097600000| Untracked 
|  95|0x0000000097700000, 0x0000000097700000, 0x0000000097800000|  0%| F|  |TAMS 0x0000000097700000, 0x0000000097700000| Untracked 
|  96|0x0000000097800000, 0x0000000097800000, 0x0000000097900000|  0%| F|  |TAMS 0x0000000097800000, 0x0000000097800000| Untracked 
|  97|0x0000000097900000, 0x0000000097900000, 0x0000000097a00000|  0%| F|  |TAMS 0x0000000097900000, 0x0000000097900000| Untracked 
|  98|0x0000000097a00000, 0x0000000097a00000, 0x0000000097b00000|  0%| F|  |TAMS 0x0000000097a00000, 0x0000000097a00000| Untracked 
|  99|0x0000000097b00000, 0x0000000097b00000, 0x0000000097c00000|  0%| F|  |TAMS 0x0000000097b00000, 0x0000000097b00000| Untracked 
| 100|0x0000000097c00000, 0x0000000097c00000, 0x0000000097d00000|  0%| F|  |TAMS 0x0000000097c00000, 0x0000000097c00000| Untracked 
| 101|0x0000000097d00000, 0x0000000097d00000, 0x0000000097e00000|  0%| F|  |TAMS 0x0000000097d00000, 0x0000000097d00000| Untracked 
| 102|0x0000000097e00000, 0x0000000097e00000, 0x0000000097f00000|  0%| F|  |TAMS 0x0000000097e00000, 0x0000000097e00000| Untracked 
| 103|0x0000000097f00000, 0x0000000097f00000, 0x0000000098000000|  0%| F|  |TAMS 0x0000000097f00000, 0x0000000097f00000| Untracked 
| 104|0x0000000098000000, 0x00000000980b3330, 0x0000000098100000| 69%| S|CS|TAMS 0x0000000098000000, 0x0000000098000000| Complete 
| 105|0x0000000098100000, 0x0000000098200000, 0x0000000098200000|100%| S|CS|TAMS 0x0000000098100000, 0x0000000098100000| Complete 
| 106|0x0000000098200000, 0x0000000098200000, 0x0000000098300000|  0%| F|  |TAMS 0x0000000098200000, 0x0000000098200000| Untracked 
| 107|0x0000000098300000, 0x0000000098300000, 0x0000000098400000|  0%| F|  |TAMS 0x0000000098300000, 0x0000000098300000| Untracked 
| 108|0x0000000098400000, 0x0000000098400000, 0x0000000098500000|  0%| F|  |TAMS 0x0000000098400000, 0x0000000098400000| Untracked 
| 109|0x0000000098500000, 0x0000000098500000, 0x0000000098600000|  0%| F|  |TAMS 0x0000000098500000, 0x0000000098500000| Untracked 
| 110|0x0000000098600000, 0x0000000098600000, 0x0000000098700000|  0%| F|  |TAMS 0x0000000098600000, 0x0000000098600000| Untracked 
| 111|0x0000000098700000, 0x0000000098700000, 0x0000000098800000|  0%| F|  |TAMS 0x0000000098700000, 0x0000000098700000| Untracked 

Card table byte_map: [0x0000025aa4340000,0x0000025aa46c0000] _byte_map_base: 0x0000025aa3eb4000

Marking Bits (Prev, Next): (CMBitMap*) 0x0000025a8cdbb690, (CMBitMap*) 0x0000025a8cdbb6d0
 Prev Bits: [0x0000025aa4a40000, 0x0000025aa65e0000)
 Next Bits: [0x0000025aa65e0000, 0x0000025aa8180000)

Polling page: 0x0000025a8ad00000

Metaspace:

Usage:
  Non-class:      6.21 MB capacity,     6.14 MB ( 99%) used,    63.23 KB ( <1%) free+waste,     9.56 KB ( <1%) overhead. 
      Class:    929.00 KB capacity,   881.81 KB ( 95%) used,    42.62 KB (  5%) free+waste,     4.56 KB ( <1%) overhead. 
       Both:      7.12 MB capacity,     7.00 MB ( 98%) used,   105.85 KB (  1%) free+waste,    14.12 KB ( <1%) overhead. 

Virtual space:
  Non-class space:       22.00 MB reserved,       6.25 MB ( 28%) committed 
      Class space:        1.00 GB reserved,       1.00 MB ( <1%) committed 
             Both:        1.02 GB reserved,       7.25 MB ( <1%) committed 

Chunk freelists:
   Non-Class:  37.00 KB
       Class:  31.00 KB
        Both:  68.00 KB

MaxMetaspaceSize: 17179869184.00 GB
CompressedClassSpaceSize: 1.00 GB

CodeHeap 'non-profiled nmethods': size=120000Kb used=165Kb max_used=165Kb free=119834Kb
 bounds [0x0000025a9ca90000, 0x0000025a9cd00000, 0x0000025aa3fc0000]
CodeHeap 'profiled nmethods': size=120000Kb used=887Kb max_used=887Kb free=119112Kb
 bounds [0x0000025a95560000, 0x0000025a957d0000, 0x0000025a9ca90000]
CodeHeap 'non-nmethods': size=5760Kb used=1226Kb max_used=1226Kb free=4534Kb
 bounds [0x0000025a94fc0000, 0x0000025a95230000, 0x0000025a95560000]
 total_blobs=1096 nmethods=613 adapters=394
 compilation: enabled
              stopped_count=0, restarted_count=0
 full_count=0

Compilation events (20 events):
Event: 0.426 Thread 0x0000025aaa640c60  605       3       jdk.internal.org.objectweb.asm.MethodWriter::visitAbstractType (8 bytes)
Event: 0.426 Thread 0x0000025aaa640c60 nmethod 605 0x0000025a9563ad90 code [0x0000025a9563af20, 0x0000025a9563b058]
Event: 0.426 Thread 0x0000025aaa640c60  606       3       java.lang.Class::getReflectionFactory (26 bytes)
Event: 0.427 Thread 0x0000025aaa640c60 nmethod 606 0x0000025a9563b110 code [0x0000025a9563b340, 0x0000025a9563bb18]
Event: 0.427 Thread 0x0000025aaa640c60  607       1       java.lang.reflect.Field::getDeclaringClass (5 bytes)
Event: 0.427 Thread 0x0000025aaa640c60 nmethod 607 0x0000025a9cab8f10 code [0x0000025a9cab90a0, 0x0000025a9cab9158]
Event: 0.427 Thread 0x0000025aaa640c60  609       3       java.nio.Buffer::checkIndex (22 bytes)
Event: 0.427 Thread 0x0000025aaa640c60 nmethod 609 0x0000025a9563be10 code [0x0000025a9563bfc0, 0x0000025a9563c1a8]
Event: 0.427 Thread 0x0000025aaa640c60  610       3       jdk.internal.misc.Unsafe::getInt (7 bytes)
Event: 0.427 Thread 0x0000025aaa640c60 nmethod 610 0x0000025a9563c290 code [0x0000025a9563c420, 0x0000025a9563c538]
Event: 0.427 Thread 0x0000025aaa640c60  611   !   3       java.nio.DirectIntBufferU::get (33 bytes)
Event: 0.427 Thread 0x0000025aaa640c60 nmethod 611 0x0000025a9563c610 code [0x0000025a9563c7e0, 0x0000025a9563cb58]
Event: 0.427 Thread 0x0000025aaa640c60  613       3       java.nio.MappedByteBuffer::position (8 bytes)
Event: 0.428 Thread 0x0000025aaa640c60 nmethod 613 0x0000025a9563cd90 code [0x0000025a9563cf40, 0x0000025a9563d0e8]
Event: 0.428 Thread 0x0000025aaa640c60  612       3       java.nio.MappedByteBuffer::<init> (22 bytes)
Event: 0.428 Thread 0x0000025aaa640c60 nmethod 612 0x0000025a9563d190 code [0x0000025a9563d340, 0x0000025a9563d4a8]
Event: 0.428 Thread 0x0000025aaa640c60  614       1       java.net.URL::getProtocol (5 bytes)
Event: 0.428 Thread 0x0000025aaa640c60 nmethod 614 0x0000025a9cab9210 code [0x0000025a9cab93a0, 0x0000025a9cab9458]
Event: 0.428 Thread 0x0000025aaa640c60  615       3       java.lang.StringLatin1::indexOf (121 bytes)
Event: 0.428 Thread 0x0000025aaa640c60 nmethod 615 0x0000025a9563d590 code [0x0000025a9563d760, 0x0000025a9563dc38]

GC Heap History (2 events):
Event: 0.429 GC heap before
{Heap before GC invocations=0 (full 0):
 garbage-first heap   total 114688K, used 5120K [0x0000000091800000, 0x0000000100000000)
  region size 1024K, 6 young (6144K), 0 survivors (0K)
 Metaspace       used 7172K, capacity 7292K, committed 7424K, reserved 1069056K
  class space    used 881K, capacity 929K, committed 1024K, reserved 1048576K
}
Event: 0.437 GC heap after
{Heap after GC invocations=1 (full 0):
 garbage-first heap   total 114688K, used 1740K [0x0000000091800000, 0x0000000100000000)
  region size 1024K, 2 young (2048K), 2 survivors (2048K)
 Metaspace       used 7172K, capacity 7292K, committed 7424K, reserved 1069056K
  class space    used 881K, capacity 929K, committed 1024K, reserved 1048576K
}

Deoptimization events (4 events):
Event: 0.121 Thread 0x0000025a8cd7f7c0 Uncommon trap: trap_request=0xffffff45 fr.pc=0x0000025a9ca949c0 relative=0x0000000000000220
Event: 0.121 Thread 0x0000025a8cd7f7c0 Uncommon trap: reason=unstable_if action=reinterpret pc=0x0000025a9ca949c0 method=java.lang.String.hashCode()I @ 13 c2
Event: 0.121 Thread 0x0000025a8cd7f7c0 DEOPT PACKING pc=0x0000025a9ca949c0 sp=0x000000be369fcd40
Event: 0.121 Thread 0x0000025a8cd7f7c0 DEOPT UNPACKING pc=0x0000025a9500e42f sp=0x000000be369fccd8 mode 2

Classes unloaded (0 events):
No events

Classes redefined (0 events):
No events

Internal exceptions (11 events):
Event: 0.094 Thread 0x0000025a8cd7f7c0 Exception <a 'java/lang/NoSuchMethodError'{0x00000000987f2f28}: 'void java.lang.invoke.DirectMethodHandle$Holder.invokeSpecial(java.lang.Object, java.lang.Object, java.lang.Object)'> (0x00000000987f2f28) 
thrown [./open/src/hotspot/share/interpreter/linkResolver.cpp, line 782]
Event: 0.121 Thread 0x0000025a8cd7f7c0 Exception <a 'java/lang/ClassNotFoundException'{0x0000000098633a60}: sun/awt/resources/spi/awtProvider> (0x0000000098633a60) 
thrown [./open/src/hotspot/share/classfile/systemDictionary.cpp, line 295]
Event: 0.152 Thread 0x0000025a8cd7f7c0 Exception <a 'java/io/FileNotFoundException'{0x000000009868fbc0}> (0x000000009868fbc0) 
thrown [./open/src/hotspot/share/prims/jni.cpp, line 578]
Event: 0.162 Thread 0x0000025a8cd7f7c0 Exception <a 'java/io/FileNotFoundException'{0x00000000986be450}> (0x00000000986be450) 
thrown [./open/src/hotspot/share/prims/jni.cpp, line 578]
Event: 0.162 Thread 0x0000025a8cd7f7c0 Exception <a 'java/lang/NoSuchMethodError'{0x00000000986bf638}: 'java.lang.Object java.lang.invoke.DirectMethodHandle$Holder.invokeStatic(java.lang.Object)'> (0x00000000986bf638) 
thrown [./open/src/hotspot/share/interpreter/linkResolver.cpp, line 782]
Event: 0.214 Thread 0x0000025a8cd7f7c0 Exception <a 'java/lang/NoSuchMethodError'{0x000000009851b640}: 'java.lang.Object java.lang.invoke.DirectMethodHandle$Holder.invokeStaticInit(java.lang.Object)'> (0x000000009851b640) 
thrown [./open/src/hotspot/share/interpreter/linkResolver.cpp, line 782]
Event: 0.294 Thread 0x0000025a8cd7f7c0 Exception <a 'java/lang/NoSuchMethodError'{0x00000000985d0218}: 'java.lang.Object java.lang.invoke.DirectMethodHandle$Holder.newInvokeSpecial(java.lang.Object, java.lang.Object, java.lang.Object, java.lang.Object, java.lang.Object)'> (0x00000000985d0218) 
thrown [./open/src/hotspot/share/interpreter/linkResolver.cpp, line 782]
Event: 0.296 Thread 0x0000025a8cd7f7c0 Exception <a 'java/lang/NoSuchMethodError'{0x00000000985dbca8}: 'java.lang.Object java.lang.invoke.DirectMethodHandle$Holder.invokeStatic(java.lang.Object, int, java.lang.Object, java.lang.Object, java.lang.Object, java.lang.Object)'> (0x00000000985dbca8) 
thrown [./open/src/hotspot/share/interpreter/linkResolver.cpp, line 782]
Event: 0.299 Thread 0x0000025a8cd7f7c0 Exception <a 'java/lang/NoSuchMethodError'{0x0000000098402818}: 'java.lang.Object java.lang.invoke.DirectMethodHandle$Holder.invokeStatic(java.lang.Object, int, java.lang.Object)'> (0x0000000098402818) 
thrown [./open/src/hotspot/share/interpreter/linkResolver.cpp, line 782]
Event: 0.322 Thread 0x0000025a8cd7f7c0 Exception <a 'java/lang/ClassNotFoundException'{0x00000000984bb018}: com/sun/swing/internal/plaf/metal/resources/spi/metalProvider> (0x00000000984bb018) 
thrown [./open/src/hotspot/share/classfile/systemDictionary.cpp, line 295]
Event: 0.323 Thread 0x0000025a8cd7f7c0 Exception <a 'java/lang/ClassNotFoundException'{0x00000000984bf0a8}: com/sun/swing/internal/plaf/basic/resources/spi/basicProvider> (0x00000000984bf0a8) 
thrown [./open/src/hotspot/share/classfile/systemDictionary.cpp, line 295]

Events (20 events):
Event: 0.422 loading class java/lang/reflect/ProxyGenerator
Event: 0.423 loading class java/lang/reflect/ProxyGenerator done
Event: 0.423 loading class java/lang/reflect/ProxyGenerator$ProxyMethod
Event: 0.423 loading class java/lang/reflect/ProxyGenerator$ProxyMethod done
Event: 0.423 loading class java/lang/InterruptedException
Event: 0.423 loading class java/lang/InterruptedException done
Event: 0.424 loading class java/lang/reflect/ProxyGenerator$PrimitiveTypeInfo
Event: 0.424 loading class java/lang/reflect/ProxyGenerator$PrimitiveTypeInfo done
Event: 0.424 loading class jdk/internal/org/objectweb/asm/Edge
Event: 0.424 loading class jdk/internal/org/objectweb/asm/Edge done
Event: 0.425 loading class java/lang/reflect/Proxy$ProxyBuilder$1
Event: 0.425 loading class java/lang/reflect/Proxy$ProxyBuilder$1 done
Event: 0.425 loading class java/lang/annotation/Target
Event: 0.425 loading class java/lang/annotation/Target done
Event: 0.428 loading class java/io/UnsupportedEncodingException
Event: 0.428 loading class java/io/UnsupportedEncodingException done
Event: 0.428 loading class java/net/URLDecoder
Event: 0.429 loading class java/net/URLDecoder done
Event: 0.429 loading class java/net/URLEncoder
Event: 0.429 Executing VM operation: CollectForMetadataAllocation


Dynamic libraries:
0x00007ff696bf0000 - 0x00007ff696bff000 	C:\Program Files\Java\jdk-15\bin\javaw.exe
0x00007ffc465b0000 - 0x00007ffc467a6000 	C:\WINDOWS\SYSTEM32\ntdll.dll
0x00007ffc453c0000 - 0x00007ffc4547d000 	C:\WINDOWS\System32\KERNEL32.DLL
0x00007ffc44090000 - 0x00007ffc44359000 	C:\WINDOWS\System32\KERNELBASE.dll
0x00007ffc43d50000 - 0x00007ffc43e50000 	C:\WINDOWS\System32\ucrtbase.dll
0x00007ffc2c220000 - 0x00007ffc2c239000 	C:\Program Files\Java\jdk-15\bin\VCRUNTIME140.dll
0x00007ffc2c200000 - 0x00007ffc2c218000 	C:\Program Files\Java\jdk-15\bin\jli.dll
0x00007ffc44610000 - 0x00007ffc446bc000 	C:\WINDOWS\System32\ADVAPI32.dll
0x00007ffc44d70000 - 0x00007ffc44e0e000 	C:\WINDOWS\System32\msvcrt.dll
0x00007ffc44f50000 - 0x00007ffc44fec000 	C:\WINDOWS\System32\sechost.dll
0x00007ffc45a70000 - 0x00007ffc45b9b000 	C:\WINDOWS\System32\RPCRT4.dll
0x00007ffc446f0000 - 0x00007ffc44890000 	C:\WINDOWS\System32\USER32.dll
0x00007ffc43cf0000 - 0x00007ffc43d12000 	C:\WINDOWS\System32\win32u.dll
0x00007ffc446c0000 - 0x00007ffc446ea000 	C:\WINDOWS\System32\GDI32.dll
0x00007ffc43e50000 - 0x00007ffc43f59000 	C:\WINDOWS\System32\gdi32full.dll
0x00007ffc443c0000 - 0x00007ffc4445d000 	C:\WINDOWS\System32\msvcp_win.dll
0x00007ffc2e8f0000 - 0x00007ffc2eb8b000 	C:\WINDOWS\WinSxS\amd64_microsoft.windows.common-controls_6595b64144ccf1df_6.0.19041.488_none_ca04af081b815d21\COMCTL32.dll
0x00007ffc39470000 - 0x00007ffc3947a000 	C:\WINDOWS\SYSTEM32\VERSION.dll
0x00007ffc44e10000 - 0x00007ffc44e40000 	C:\WINDOWS\System32\IMM32.DLL
0x00007ffc3da80000 - 0x00007ffc3da8c000 	C:\Program Files\Java\jdk-15\bin\vcruntime140_1.dll
0x00007ffc25de0000 - 0x00007ffc25e71000 	C:\Program Files\Java\jdk-15\bin\msvcp140.dll
0x00007ffbfe9a0000 - 0x00007ffbff4fc000 	C:\Program Files\Java\jdk-15\bin\server\jvm.dll
0x00007ffc44ff0000 - 0x00007ffc44ff8000 	C:\WINDOWS\System32\PSAPI.DLL
0x00007ffc2fea0000 - 0x00007ffc2fea9000 	C:\WINDOWS\SYSTEM32\WSOCK32.dll
0x00007ffc45000000 - 0x00007ffc4506b000 	C:\WINDOWS\System32\WS2_32.dll
0x00007ffc32fb0000 - 0x00007ffc32fd7000 	C:\WINDOWS\SYSTEM32\WINMM.dll
0x00007ffc41c40000 - 0x00007ffc41c52000 	C:\WINDOWS\SYSTEM32\kernel.appcore.dll
0x00007ffc2c1f0000 - 0x00007ffc2c1fa000 	C:\Program Files\Java\jdk-15\bin\jimage.dll
0x00007ffc3c2c0000 - 0x00007ffc3c4a4000 	C:\WINDOWS\SYSTEM32\DBGHELP.DLL
0x00007ffc3c130000 - 0x00007ffc3c15c000 	C:\WINDOWS\SYSTEM32\dbgcore.DLL
0x00007ffc43f60000 - 0x00007ffc43fe0000 	C:\WINDOWS\System32\bcryptPrimitives.dll
0x00007ffc270f0000 - 0x00007ffc27115000 	C:\Program Files\Java\jdk-15\bin\java.dll
0x00007ffc45d50000 - 0x00007ffc46492000 	C:\WINDOWS\System32\SHELL32.dll
0x00007ffc41e40000 - 0x00007ffc425d5000 	C:\WINDOWS\SYSTEM32\windows.storage.dll
0x00007ffc449b0000 - 0x00007ffc44d06000 	C:\WINDOWS\System32\combase.dll
0x00007ffc43690000 - 0x00007ffc436bc000 	C:\WINDOWS\SYSTEM32\Wldp.dll
0x00007ffc44890000 - 0x00007ffc4493e000 	C:\WINDOWS\System32\SHCORE.dll
0x00007ffc45480000 - 0x00007ffc454d5000 	C:\WINDOWS\System32\shlwapi.dll
0x00007ffc43c20000 - 0x00007ffc43c46000 	C:\WINDOWS\SYSTEM32\profapi.dll
0x00007ffc2a550000 - 0x00007ffc2a569000 	C:\Program Files\Java\jdk-15\bin\net.dll
0x00007ffc3d1e0000 - 0x00007ffc3d2e0000 	C:\WINDOWS\SYSTEM32\WINHTTP.dll
0x00007ffc43410000 - 0x00007ffc4347a000 	C:\WINDOWS\system32\mswsock.dll
0x00007ffc28e60000 - 0x00007ffc28e72000 	C:\Program Files\Java\jdk-15\bin\nio.dll
0x00007ffc25dc0000 - 0x00007ffc25dd8000 	C:\Program Files\Java\jdk-15\bin\zip.dll
0x00007ffc33720000 - 0x00007ffc338a0000 	C:\Program Files\Java\jdk-15\bin\awt.dll
0x00007ffc464a0000 - 0x00007ffc4656d000 	C:\WINDOWS\System32\OLEAUT32.dll
0x00007ffc415c0000 - 0x00007ffc41650000 	C:\WINDOWS\SYSTEM32\apphelp.dll
0x00007ffc41a60000 - 0x00007ffc41a8f000 	C:\WINDOWS\system32\DWMAPI.DLL
0x00007ffc41780000 - 0x00007ffc4181e000 	C:\WINDOWS\system32\uxtheme.dll
0x00007ffc20c60000 - 0x00007ffc20d85000 	C:\WINDOWS\system32\opengl32.dll
0x00007ffc3ef80000 - 0x00007ffc3efac000 	C:\WINDOWS\SYSTEM32\GLU32.dll
0x00007ffc45950000 - 0x00007ffc45a66000 	C:\WINDOWS\System32\MSCTF.dll
0x00007ffc45080000 - 0x00007ffc451aa000 	C:\WINDOWS\System32\ole32.dll
0x00007ffc3b8a0000 - 0x00007ffc3ba6f000 	C:\WINDOWS\system32\d3d9.dll
0x00007ffc32d10000 - 0x00007ffc32eed000 	C:\WINDOWS\System32\DriverStore\FileRepository\u0352474.inf_amd64_c594fcc55638a18a\B346863\aticfx64.dll
0x00007ffc195b0000 - 0x00007ffc195e0000 	C:\WINDOWS\System32\DriverStore\FileRepository\u0352474.inf_amd64_c594fcc55638a18a\B346863\atiu9p64.dll
0x00007ffc03990000 - 0x00007ffc0465e000 	C:\WINDOWS\System32\DriverStore\FileRepository\u0352474.inf_amd64_c594fcc55638a18a\B346863\atiumd64.dll
0x000000006ab40000 - 0x000000006b8d4000 	C:\WINDOWS\System32\DriverStore\FileRepository\u0352474.inf_amd64_c594fcc55638a18a\B346863\atiumd6a.dll
0x00007ffc43b50000 - 0x00007ffc43b9b000 	C:\WINDOWS\SYSTEM32\POWRPROF.dll
0x00007ffc43b30000 - 0x00007ffc43b42000 	C:\WINDOWS\SYSTEM32\UMPDC.dll

dbghelp: loaded successfully - version: 4.0.5 - missing functions: none
symbol engine: initialized successfully - sym options: 0x614 - pdb path: .;C:\Program Files\Java\jdk-15\bin;C:\WINDOWS\SYSTEM32;C:\WINDOWS\WinSxS\amd64_microsoft.windows.common-controls_6595b64144ccf1df_6.0.19041.488_none_ca04af081b815d21;C:\Program Files\Java\jdk-15\bin\server;C:\WINDOWS\System32\DriverStore\FileRepository\u0352474.inf_amd64_c594fcc55638a18a\B346863

VM Arguments:
jvm_args: -Dfile.encoding=Cp1252 -XX:+ShowCodeDetailsInExceptionMessages 
java_command: Controller.Controller
java_class_path (initial): C:\Users\Mathaus\Documents\GitHub\ProgettoOOBD\Codice Java\ScaloAeroportuale\bin;C:\Users\Mathaus\Documents\GitHub\ProgettoOOBD\Codice Java\ScaloAeroportuale\jgoodies-forms-1.8.0.jar;C:\Users\Mathaus\Downloads\postgresql-42.2.18.jar
Launcher Type: SUN_STANDARD

[Global flags]
     intx CICompilerCount                          = 3                                         {product} {ergonomic}
     uint ConcGCThreads                            = 1                                         {product} {ergonomic}
     uint G1ConcRefinementThreads                  = 4                                         {product} {ergonomic}
   size_t G1HeapRegionSize                         = 1048576                                   {product} {ergonomic}
    uintx GCDrainStackTargetSize                   = 64                                        {product} {ergonomic}
   size_t InitialHeapSize                          = 117440512                                 {product} {ergonomic}
   size_t MarkStackSize                            = 4194304                                   {product} {ergonomic}
   size_t MaxHeapSize                              = 1853882368                                {product} {ergonomic}
   size_t MaxNewSize                               = 1111490560                                {product} {ergonomic}
   size_t MinHeapDeltaBytes                        = 1048576                                   {product} {ergonomic}
   size_t MinHeapSize                              = 8388608                                   {product} {ergonomic}
    uintx NonNMethodCodeHeapSize                   = 5832780                                {pd product} {ergonomic}
    uintx NonProfiledCodeHeapSize                  = 122912730                              {pd product} {ergonomic}
    uintx ProfiledCodeHeapSize                     = 122912730                              {pd product} {ergonomic}
    uintx ReservedCodeCacheSize                    = 251658240                              {pd product} {ergonomic}
     bool SegmentedCodeCache                       = true                                      {product} {ergonomic}
     bool ShowCodeDetailsInExceptionMessages       = true                                   {manageable} {command line}
   size_t SoftMaxHeapSize                          = 1853882368                             {manageable} {ergonomic}
     bool UseCompressedClassPointers               = true                                 {lp64_product} {ergonomic}
     bool UseCompressedOops                        = true                                 {lp64_product} {ergonomic}
     bool UseG1GC                                  = true                                      {product} {ergonomic}
     bool UseLargePagesIndividualAllocation        = false                                  {pd product} {ergonomic}

Logging:
Log output configuration:
 #0: stdout all=warning uptime,level,tags
 #1: stderr all=off uptime,level,tags

Environment Variables:
PATH=C:\Program Files\Common Files\Oracle\Java\javapath;C:\Program Files (x86)\Common Files\Oracle\Java\javapath;C:\WINDOWS\system32;C:\WINDOWS;C:\WINDOWS\System32\Wbem;C:\WINDOWS\System32\WindowsPowerShell\v1.0\;C:\WINDOWS\System32\OpenSSH\;C:\Program Files\PuTTY\;C:\Users\Mathaus\AppData\Local\Microsoft\WindowsApps;C:\Program Files\JetBrains\PyCharm Community Edition 2020.2\bin;;C:\Users\Mathaus\AppData\Local\Microsoft\WindowsApps;C:\Users\Mathaus\AppData\Local\GitHubDesktop\bin;C:\Users\Mathaus\AppData\Local\Programs\Microsoft VS Code\bin
USERNAME=Mathaus
OS=Windows_NT
PROCESSOR_IDENTIFIER=AMD64 Family 23 Model 17 Stepping 0, AuthenticAMD



---------------  S Y S T E M  ---------------

OS:
 Windows 10 , 64 bit Build 19041 (10.0.19041.662)
OS uptime: 12 days 1:27 hours

CPU: total 4 (initial active 4) (4 cores per cpu, 2 threads per core) family 23 model 17 stepping 0, cmov, cx8, fxsr, mmx, sse, sse2, sse3, ssse3, sse4.1, sse4.2, popcnt, vzeroupper, avx, avx2, aes, clmul, 3dnowpref, lzcnt, sse4a, ht, tsc, tscinvbit, tscinv, bmi1, bmi2, adx, sha, fma, clflush, clflushopt

Memory: 4k page, system-wide physical 7068M (1606M free)
TotalPageFile size 7068M (AvailPageFile size 2M)
current process WorkingSet (physical memory assigned to process): 56M, peak: 56M
current process commit charge ("private bytes"): 204M, peak: 205M

vm_info: Java HotSpot(TM) 64-Bit Server VM (15+36-1562) for windows-amd64 JRE (15+36-1562), built on Aug 11 2020 22:38:02 by "mach5one" with unknown MS VC++:1925

END.
